[    0.000000] Linux version 4.15.0-38-generic (buildd@lcy01-amd64-023) (gcc version 7.3.0 (Ubuntu 7.3.0-16ubuntu3)) #41-Ubuntu SMP Wed Oct 10 10:59:38 UTC 2018 (Ubuntu 4.15.0-38.41-generic 4.15.18)
[    0.000000] Command line: BOOT_IMAGE=/boot/vmlinuz-4.15.0-38-generic root=LABEL=cloudimg-rootfs ro console=tty1 console=ttyS0
[    0.000000] KERNEL supported cpus:
[    0.000000]   Intel GenuineIntel
[    0.000000]   AMD AuthenticAMD
[    0.000000]   Centaur CentaurHauls
[    0.000000] x86/fpu: Supporting XSAVE feature 0x001: 'x87 floating point registers'
[    0.000000] x86/fpu: Supporting XSAVE feature 0x002: 'SSE registers'
[    0.000000] x86/fpu: Supporting XSAVE feature 0x004: 'AVX registers'
[    0.000000] x86/fpu: xstate_offset[2]:  576, xstate_sizes[2]:  256
[    0.000000] x86/fpu: Enabled xstate features 0x7, context size is 832 bytes, using 'standard' format.
[    0.000000] e820: BIOS-provided physical RAM map:
[    0.000000] BIOS-e820: [mem 0x0000000000000000-0x000000000009fbff] usable
[    0.000000] BIOS-e820: [mem 0x000000000009fc00-0x000000000009ffff] reserved
[    0.000000] BIOS-e820: [mem 0x00000000000f0000-0x00000000000fffff] reserved
[    0.000000] BIOS-e820: [mem 0x0000000000100000-0x000000003ffeffff] usable
[    0.000000] BIOS-e820: [mem 0x000000003fff0000-0x000000003fffffff] ACPI data
[    0.000000] BIOS-e820: [mem 0x00000000fec00000-0x00000000fec00fff] reserved
[    0.000000] BIOS-e820: [mem 0x00000000fee00000-0x00000000fee00fff] reserved
[    0.000000] BIOS-e820: [mem 0x00000000fffc0000-0x00000000ffffffff] reserved
[    0.000000] NX (Execute Disable) protection: active
[    0.000000] SMBIOS 2.5 present.
[    0.000000] DMI: innotek GmbH VirtualBox/VirtualBox, BIOS VirtualBox 12/01/2006
[    0.000000] Hypervisor detected: KVM
[    0.000000] e820: last_pfn = 0x3fff0 max_arch_pfn = 0x400000000
[    0.000000] MTRR: Disabled
[    0.000000] x86/PAT: MTRRs disabled, skipping PAT initialization too.
[    0.000000] CPU MTRRs all blank - virtualized system.
[    0.000000] x86/PAT: Configuration [0-7]: WB  WT  UC- UC  WB  WT  UC- UC  
[    0.000000] found SMP MP-table at [mem 0x0009fff0-0x0009ffff] mapped at [        (ptrval)]
[    0.000000] Scanning 1 areas for low memory corruption
[    0.000000] RAMDISK: [mem 0x35ae1000-0x36d67fff]
[    0.000000] ACPI: Early table checksum verification disabled
[    0.000000] ACPI: RSDP 0x00000000000E0000 000024 (v02 VBOX  )
[    0.000000] ACPI: XSDT 0x000000003FFF0030 00003C (v01 VBOX   VBOXXSDT 00000001 ASL  00000061)
[    0.000000] ACPI: FACP 0x000000003FFF00F0 0000F4 (v04 VBOX   VBOXFACP 00000001 ASL  00000061)
[    0.000000] ACPI: DSDT 0x000000003FFF0470 0021FF (v02 VBOX   VBOXBIOS 00000002 INTL 20100528)
[    0.000000] ACPI: FACS 0x000000003FFF0200 000040
[    0.000000] ACPI: FACS 0x000000003FFF0200 000040
[    0.000000] ACPI: APIC 0x000000003FFF0240 000054 (v02 VBOX   VBOXAPIC 00000001 ASL  00000061)
[    0.000000] ACPI: SSDT 0x000000003FFF02A0 0001CC (v01 VBOX   VBOXCPUT 00000002 INTL 20100528)
[    0.000000] No NUMA configuration found
[    0.000000] Faking a node at [mem 0x0000000000000000-0x000000003ffeffff]
[    0.000000] NODE_DATA(0) allocated [mem 0x3ffc5000-0x3ffeffff]
[    0.000000] kvm-clock: cpu 0, msr 0:3ff44001, primary cpu clock
[    0.000000] kvm-clock: Using msrs 4b564d01 and 4b564d00
[    0.000000] kvm-clock: using sched offset of 6020217021 cycles
[    0.000000] clocksource: kvm-clock: mask: 0xffffffffffffffff max_cycles: 0x1cd42e4dffb, max_idle_ns: 881590591483 ns
[    0.000000] Zone ranges:
[    0.000000]   DMA      [mem 0x0000000000001000-0x0000000000ffffff]
[    0.000000]   DMA32    [mem 0x0000000001000000-0x000000003ffeffff]
[    0.000000]   Normal   empty
[    0.000000]   Device   empty
[    0.000000] Movable zone start for each node
[    0.000000] Early memory node ranges
[    0.000000]   node   0: [mem 0x0000000000001000-0x000000000009efff]
[    0.000000]   node   0: [mem 0x0000000000100000-0x000000003ffeffff]
[    0.000000] Initmem setup node 0 [mem 0x0000000000001000-0x000000003ffeffff]
[    0.000000] Reserved but unavailable: 98 pages
[    0.000000] ACPI: PM-Timer IO Port: 0x4008
[    0.000000] IOAPIC[0]: apic_id 1, version 32, address 0xfec00000, GSI 0-23
[    0.000000] ACPI: INT_SRC_OVR (bus 0 bus_irq 0 global_irq 2 dfl dfl)
[    0.000000] ACPI: INT_SRC_OVR (bus 0 bus_irq 9 global_irq 9 low level)
[    0.000000] Using ACPI (MADT) for SMP configuration information
[    0.000000] smpboot: Allowing 1 CPUs, 0 hotplug CPUs
[    0.000000] PM: Registered nosave memory: [mem 0x00000000-0x00000fff]
[    0.000000] PM: Registered nosave memory: [mem 0x0009f000-0x0009ffff]
[    0.000000] PM: Registered nosave memory: [mem 0x000a0000-0x000effff]
[    0.000000] PM: Registered nosave memory: [mem 0x000f0000-0x000fffff]
[    0.000000] e820: [mem 0x40000000-0xfebfffff] available for PCI devices
[    0.000000] Booting paravirtualized kernel on KVM
[    0.000000] clocksource: refined-jiffies: mask: 0xffffffff max_cycles: 0xffffffff, max_idle_ns: 7645519600211568 ns
[    0.000000] random: get_random_bytes called from start_kernel+0x99/0x4fd with crng_init=0
[    0.000000] setup_percpu: NR_CPUS:8192 nr_cpumask_bits:1 nr_cpu_ids:1 nr_node_ids:1
[    0.000000] percpu: Embedded 46 pages/cpu @        (ptrval) s151552 r8192 d28672 u2097152
[    0.000000] PV qspinlock hash table entries: 256 (order: 0, 4096 bytes)
[    0.000000] Built 1 zonelists, mobility grouping on.  Total pages: 257913
[    0.000000] Policy zone: DMA32
[    0.000000] Kernel command line: BOOT_IMAGE=/boot/vmlinuz-4.15.0-38-generic root=LABEL=cloudimg-rootfs ro console=tty1 console=ttyS0
[    0.000000] Memory: 983796K/1048120K available (12300K kernel code, 2472K rwdata, 4248K rodata, 2408K init, 2416K bss, 64324K reserved, 0K cma-reserved)
[    0.000000] SLUB: HWalign=64, Order=0-3, MinObjects=0, CPUs=1, Nodes=1
[    0.000000] Kernel/User page tables isolation: enabled
[    0.000000] ftrace: allocating 39175 entries in 154 pages
[    0.004000] Hierarchical RCU implementation.
[    0.004000] 	RCU restricting CPUs from NR_CPUS=8192 to nr_cpu_ids=1.
[    0.004000] 	Tasks RCU enabled.
[    0.004000] RCU: Adjusting geometry for rcu_fanout_leaf=16, nr_cpu_ids=1
[    0.004000] NR_IRQS: 524544, nr_irqs: 256, preallocated irqs: 16
[    0.004000] Console: colour VGA+ 80x25
[    0.004000] console [tty1] enabled
[    0.004000] console [ttyS0] enabled
[    0.004000] ACPI: Core revision 20170831
[    0.004000] ACPI: 2 ACPI AML tables successfully acquired and loaded
[    0.004000] APIC: Switch to symmetric I/O mode setup
[    0.004338] x2apic enabled
[    0.008009] Switched APIC routing to physical x2apic.
[    0.013017] ..TIMER: vector=0x30 apic1=0 pin1=2 apic2=-1 pin2=-1
[    0.016006] tsc: Detected 2903.998 MHz processor
[    0.020014] Calibrating delay loop (skipped) preset value.. 5807.99 BogoMIPS (lpj=11615992)
[    0.024018] pid_max: default: 32768 minimum: 301
[    0.028042] Security Framework initialized
[    0.032008] Yama: becoming mindful.
[    0.036054] AppArmor: AppArmor initialized
[    0.042253] Dentry cache hash table entries: 131072 (order: 8, 1048576 bytes)
[    0.044071] Inode-cache hash table entries: 65536 (order: 7, 524288 bytes)
[    0.048028] Mount-cache hash table entries: 2048 (order: 2, 16384 bytes)
[    0.052015] Mountpoint-cache hash table entries: 2048 (order: 2, 16384 bytes)
[    0.056282] mce: CPU supports 0 MCE banks
[    0.060018] process: using mwait in idle threads
[    0.064015] Last level iTLB entries: 4KB 64, 2MB 8, 4MB 8
[    0.068011] Last level dTLB entries: 4KB 64, 2MB 0, 4MB 0, 1GB 4
[    0.072008] Spectre V2 : Mitigation: Full generic retpoline
[    0.076005] Spectre V2 : Spectre v2 / SpectreRSB mitigation: Filling RSB on context switch
[    0.080003] Speculative Store Bypass: Vulnerable
[    0.099563] Freeing SMP alternatives memory: 36K
[    0.104000] smpboot: CPU0: Intel(R) Core(TM) i7-6920HQ CPU @ 2.90GHz (family: 0x6, model: 0x5e, stepping: 0x3)
[    0.104200] Performance Events: unsupported p6 CPU model 94 no PMU driver, software events only.
[    0.108070] Hierarchical SRCU implementation.
[    0.112583] NMI watchdog: Perf event create on CPU 0 failed with -2
[    0.116018] NMI watchdog: Perf NMI watchdog permanently disabled
[    0.120126] smp: Bringing up secondary CPUs ...
[    0.124022] smp: Brought up 1 node, 1 CPU
[    0.128010] smpboot: Max logical packages: 1
[    0.132073] smpboot: Total of 1 processors activated (5807.99 BogoMIPS)
[    0.140126] devtmpfs: initialized
[    0.144122] x86/mm: Memory block size: 128MB
[    0.148208] evm: security.selinux
[    0.152015] evm: security.SMACK64
[    0.156016] evm: security.SMACK64EXEC
[    0.160106] evm: security.SMACK64TRANSMUTE
[    0.164020] evm: security.SMACK64MMAP
[    0.168014] evm: security.apparmor
[    0.172015] evm: security.ima
[    0.176012] evm: security.capability
[    0.180144] clocksource: jiffies: mask: 0xffffffff max_cycles: 0xffffffff, max_idle_ns: 7645041785100000 ns
[    0.184044] futex hash table entries: 256 (order: 2, 16384 bytes)
[    0.188095] pinctrl core: initialized pinctrl subsystem
[    0.192143] RTC time: 10:10:58, date: 10/25/18
[    0.196219] NET: Registered protocol family 16
[    0.200085] audit: initializing netlink subsys (disabled)
[    0.204216] cpuidle: using governor ladder
[    0.208016] audit: type=2000 audit(1540462262.822:1): state=initialized audit_enabled=0 res=1
[    0.212026] cpuidle: using governor menu
[    0.216066] ACPI: bus type PCI registered
[    0.220008] acpiphp: ACPI Hot Plug PCI Controller Driver version: 0.5
[    0.224141] PCI: Using configuration type 1 for base access
[    0.229602] HugeTLB registered 2.00 MiB page size, pre-allocated 0 pages
[    0.236217] ACPI: Added _OSI(Module Device)
[    0.239416] ACPI: Added _OSI(Processor Device)
[    0.240029] ACPI: Added _OSI(3.0 _SCP Extensions)
[    0.244013] ACPI: Added _OSI(Processor Aggregator Device)
[    0.248061] ACPI: Added _OSI(Linux-Dell-Video)
[    0.256021] ACPI: Added _OSI(Linux-Lenovo-NV-HDMI-Audio)
[    0.260597] ACPI: Executed 1 blocks of module-level executable AML code
[    0.273248] ACPI: Interpreter enabled
[    0.276043] ACPI: (supports S0 S5)
[    0.280017] ACPI: Using IOAPIC for interrupt routing
[    0.284399] PCI: Using host bridge windows from ACPI; if necessary, use "pci=nocrs" and report a bug
[    0.288343] ACPI: Enabled 2 GPEs in block 00 to 07
[    0.300754] ACPI: PCI Root Bridge [PCI0] (domain 0000 [bus 00-ff])
[    0.304020] acpi PNP0A03:00: _OSC: OS supports [ASPM ClockPM Segments MSI]
[    0.308081] acpi PNP0A03:00: _OSC: not requesting OS control; OS requires [ExtendedConfig ASPM ClockPM MSI]
[    0.312066] acpi PNP0A03:00: fail to add MMCONFIG information, can't access extended PCI configuration space under this bridge.
[    0.316702] PCI host bridge to bus 0000:00
[    0.320014] pci_bus 0000:00: root bus resource [io  0x0000-0x0cf7 window]
[    0.324031] pci_bus 0000:00: root bus resource [io  0x0d00-0xffff window]
[    0.328014] pci_bus 0000:00: root bus resource [mem 0x000a0000-0x000bffff window]
[    0.332012] pci_bus 0000:00: root bus resource [mem 0x40000000-0xfdffffff window]
[    0.336012] pci_bus 0000:00: root bus resource [bus 00-ff]
[    0.353723] pci 0000:00:01.1: legacy IDE quirk: reg 0x10: [io  0x01f0-0x01f7]
[    0.356032] pci 0000:00:01.1: legacy IDE quirk: reg 0x14: [io  0x03f6]
[    0.360034] pci 0000:00:01.1: legacy IDE quirk: reg 0x18: [io  0x0170-0x0177]
[    0.364024] pci 0000:00:01.1: legacy IDE quirk: reg 0x1c: [io  0x0376]
[    0.442643] pci 0000:00:07.0: quirk: [io  0x4000-0x403f] claimed by PIIX4 ACPI
[    0.444077] pci 0000:00:07.0: quirk: [io  0x4100-0x410f] claimed by PIIX4 SMB
[    0.483453] ACPI: PCI Interrupt Link [LNKA] (IRQs 5 9 10 *11)
[    0.484662] ACPI: PCI Interrupt Link [LNKB] (IRQs 5 9 *10 11)
[    0.488886] ACPI: PCI Interrupt Link [LNKC] (IRQs 5 *9 10 11)
[    0.492397] ACPI: PCI Interrupt Link [LNKD] (IRQs 5 9 10 *11)
[    0.497389] SCSI subsystem initialized
[    0.500352] pci 0000:00:02.0: vgaarb: setting as boot VGA device
[    0.503979] pci 0000:00:02.0: vgaarb: VGA device added: decodes=io+mem,owns=io+mem,locks=none
[    0.504051] pci 0000:00:02.0: vgaarb: bridge control possible
[    0.508023] vgaarb: loaded
[    0.509522] ACPI: bus type USB registered
[    0.512123] usbcore: registered new interface driver usbfs
[    0.516048] usbcore: registered new interface driver hub
[    0.520142] usbcore: registered new device driver usb
[    0.524494] EDAC MC: Ver: 3.0.0
[    0.529401] PCI: Using ACPI for IRQ routing
[    0.533759] NetLabel: Initializing
[    0.536027] NetLabel:  domain hash size = 128
[    0.540019] NetLabel:  protocols = UNLABELED CIPSOv4 CALIPSO
[    0.544097] NetLabel:  unlabeled traffic allowed by default
[    0.548379] clocksource: Switched to clocksource kvm-clock
[    0.618972] VFS: Disk quotas dquot_6.6.0
[    0.636049] VFS: Dquot-cache hash table entries: 512 (order 0, 4096 bytes)
[    0.649974] AppArmor: AppArmor Filesystem Enabled
[    0.661927] pnp: PnP ACPI init
[    0.676814] pnp: PnP ACPI: found 3 devices
[    0.694155] clocksource: acpi_pm: mask: 0xffffff max_cycles: 0xffffff, max_idle_ns: 2085701024 ns
[    0.716106] NET: Registered protocol family 2
[    0.729346] TCP established hash table entries: 8192 (order: 4, 65536 bytes)
[    0.735245] TCP bind hash table entries: 8192 (order: 5, 131072 bytes)
[    0.748577] TCP: Hash tables configured (established 8192 bind 8192)
[    0.764699] UDP hash table entries: 512 (order: 2, 16384 bytes)
[    0.783834] UDP-Lite hash table entries: 512 (order: 2, 16384 bytes)
[    0.803004] NET: Registered protocol family 1
[    0.817334] pci 0000:00:00.0: Limiting direct PCI/PCI transfers
[    0.824365] pci 0000:00:01.0: Activating ISA DMA hang workarounds
[    0.839643] pci 0000:00:02.0: Video device with shadowed ROM at [mem 0x000c0000-0x000dffff]
[    0.852882] Unpacking initramfs...
[    1.482298] Freeing initrd memory: 18972K
[    1.494437] platform rtc_cmos: registered platform RTC device (no PNP device found)
[    1.534420] Scanning for low memory corruption every 60 seconds
[    1.563131] Initialise system trusted keyrings
[    1.566222] Key type blacklist registered
[    1.577545] workingset: timestamp_bits=36 max_order=18 bucket_order=0
[    1.591231] zbud: loaded
[    1.604441] squashfs: version 4.0 (2009/01/31) Phillip Lougher
[    1.610809] fuse init (API version 7.26)
[    1.624993] Key type asymmetric registered
[    1.627588] Asymmetric key parser 'x509' registered
[    1.636232] Block layer SCSI generic (bsg) driver version 0.4 loaded (major 246)
[    1.646608] io scheduler noop registered
[    1.658523] io scheduler deadline registered
[    1.673180] io scheduler cfq registered (default)
[    1.686895] ACPI: AC Adapter [AC] (on-line)
[    1.709267] input: Power Button as /devices/LNXSYSTM:00/LNXPWRBN:00/input/input0
[    1.736399] ACPI: Power Button [PWRF]
[    1.742951] input: Sleep Button as /devices/LNXSYSTM:00/LNXSLPBN:00/input/input1
[    1.757829] ACPI: Sleep Button [SLPF]
[    1.771286] ACPI: Battery Slot [BAT0] (battery present)
[    1.789397] Serial: 8250/16550 driver, 32 ports, IRQ sharing enabled
[    1.839261] 00:02: ttyS0 at I/O 0x3f8 (irq = 4, base_baud = 115200) is a 16550A
[    1.853727] Linux agpgart interface v0.103
[    1.857931] loop: module loaded
[    1.874723] scsi host0: ata_piix
[    1.885229] scsi host1: ata_piix
[    1.887898] ata1: PATA max UDMA/33 cmd 0x1f0 ctl 0x3f6 bmdma 0xd000 irq 14
[    1.918926] ata2: PATA max UDMA/33 cmd 0x170 ctl 0x376 bmdma 0xd008 irq 15
[    1.926400] libphy: Fixed MDIO Bus: probed
[    1.947705] tun: Universal TUN/TAP device driver, 1.6
[    1.956740] PPP generic driver version 2.4.2
[    1.972589] ehci_hcd: USB 2.0 'Enhanced' Host Controller (EHCI) Driver
[    1.979547] ehci-pci: EHCI PCI platform driver
[    1.991351] ehci-platform: EHCI generic platform driver
[    2.012815] ohci_hcd: USB 1.1 'Open' Host Controller (OHCI) Driver
[    2.041562] ohci-pci: OHCI PCI platform driver
[    2.050496] ohci-platform: OHCI generic platform driver
[    2.065711] uhci_hcd: USB Universal Host Controller Interface driver
[    2.094866] i8042: PNP: PS/2 Controller [PNP0303:PS2K,PNP0f03:PS2M] at 0x60,0x64 irq 1,12
[    2.107550] serio: i8042 KBD port at 0x60,0x64 irq 1
[    2.117980] serio: i8042 AUX port at 0x60,0x64 irq 12
[    2.124273] mousedev: PS/2 mouse device common for all mice
[    2.145616] input: AT Translated Set 2 keyboard as /devices/platform/i8042/serio0/input/input2
[    2.158683] rtc_cmos rtc_cmos: rtc core: registered rtc_cmos as rtc0
[    2.170580] rtc_cmos rtc_cmos: alarms up to one day, 114 bytes nvram
[    2.207174] i2c /dev entries driver
[    2.232198] pcie_mp2_amd: AMD(R) PCI-E MP2 Communication Driver Version: 1.0
[    2.265171] device-mapper: uevent: version 1.0.3
[    2.285114] device-mapper: ioctl: 4.37.0-ioctl (2017-09-20) initialised: dm-devel@redhat.com
[    2.304170] ledtrig-cpu: registered to indicate activity on CPUs
[    2.308737] intel_pmc_core:  initialized
[    2.322334] NET: Registered protocol family 10
[    2.349330] Segment Routing with IPv6
[    2.365004] NET: Registered protocol family 17
[    2.381180] Key type dns_resolver registered
[    2.398753] RAS: Correctable Errors collector initialized.
[    2.408109] sched_clock: Marking stable (2407957516, 0)->(7392768790, -4984811274)
[    2.423189] registered taskstats version 1
[    2.431071] Loading compiled-in X.509 certificates
[    2.442537] Loaded X.509 cert 'Build time autogenerated kernel key: f3a9ae7fdf18cf897e7c53db8499a9c1252f0be9'
[    2.476041] zswap: loaded using pool lzo/zbud
[    2.495450] Key type big_key registered
[    2.502995] tsc: Refined TSC clocksource calibration: 2905.634 MHz
[    2.528665] clocksource: tsc: mask: 0xffffffffffffffff max_cycles: 0x29e20d5ce8e, max_idle_ns: 440795231491 ns
[    2.561297] Key type trusted registered
[    2.573919] Key type encrypted registered
[    2.581154] AppArmor: AppArmor sha1 policy hashing enabled
[    2.597242] ima: No TPM chip found, activating TPM-bypass! (rc=-19)
[    2.614155] ima: Allocated hash algorithm: sha1
[    2.619799] evm: HMAC attrs: 0x1
[    2.626870]   Magic number: 6:579:174
[    2.647765] rtc_cmos rtc_cmos: setting system clock to 2018-10-25 10:11:02 UTC (1540462262)
[    2.674462] BIOS EDD facility v0.16 2004-Jun-25, 0 devices found
[    2.682303] EDD information not available.
[    2.706952] Freeing unused kernel memory: 2408K
[    2.728776] Write protecting the kernel read-only data: 20480k
[    2.754730] Freeing unused kernel memory: 2008K
[    2.788928] Freeing unused kernel memory: 1896K
[    2.806040] x86/mm: Checked W+X mappings: passed, no W+X pages found.
[    2.812560] x86/mm: Checking user space page tables
[    2.836857] x86/mm: Checked W+X mappings: passed, no W+X pages found.
Loading, please wait...
starting version 237
[    3.019400] e1000: Intel(R) PRO/1000 Network Driver - version 7.3.21-k8-NAPI
[    3.034599] e1000: Copyright (c) 1999-2006 Intel Corporation.
[    3.045912] Fusion MPT base driver 3.04.20
[    3.050302] Copyright (c) 1999-2008 LSI Corporation
[    3.149376] AVX2 version of gcm_enc/dec engaged.
[    3.154361] AES CTR mode by8 optimization enabled
[    3.166588] Fusion MPT SPI Host driver 3.04.20
[    3.278128] input: ImExPS/2 Generic Explorer Mouse as /devices/platform/i8042/serio1/input/input4
[    3.710719] e1000 0000:00:03.0 eth0: (PCI:33MHz:32-bit) 02:cf:c7:e0:d6:93
[    3.770287] e1000 0000:00:03.0 eth0: Intel(R) PRO/1000 Network Connection
[    3.855794] mptbase: ioc0: Initiating bringup
[    4.016386] ioc0: LSI53C1030 A0: Capabilities={Initiator}
[    4.301560] scsi host2: ioc0: LSI53C1030 A0, FwRev=00000000h, Ports=1, MaxQ=256, IRQ=20
[    4.476498] scsi 2:0:0:0: Direct-Access     VBOX     HARDDISK         1.0  PQ: 0 ANSI: 5
[    4.534992] scsi target2:0:0: Beginning Domain Validation
[    4.596671] random: fast init done
[    4.701524] scsi target2:0:0: Domain Validation skipping write tests
[    4.714316] scsi target2:0:0: Ending Domain Validation
[    4.730115] scsi target2:0:0: asynchronous
[    4.769498] scsi 2:0:1:0: Direct-Access     VBOX     HARDDISK         1.0  PQ: 0 ANSI: 5
[    4.801212] scsi target2:0:1: Beginning Domain Validation
[    4.929558] scsi target2:0:1: Domain Validation skipping write tests
[    4.936511] scsi target2:0:1: Ending Domain Validation
[    5.024749] scsi target2:0:1: asynchronous
[    5.168600] sd 2:0:0:0: Attached scsi generic sg0 type 0
[    5.196860] random: systemd-udevd: uninitialized urandom read (16 bytes read)
[    5.232969] sd 2:0:0:0: [sda] 20971520 512-byte logical blocks: (10.7 GB/10.0 GiB)
[    5.304386] sd 2:0:1:0: Attached scsi generic sg1 type 0
[    5.375294] sd 2:0:1:0: [sdb] 20480 512-byte logical blocks: (10.5 MB/10.0 MiB)
[    5.443847] random: systemd-udevd: uninitialized urandom read (16 bytes read)
[    5.466138] random: systemd-udevd: uninitialized urandom read (16 bytes read)
[    5.475040] sd 2:0:1:0: [sdb] Write Protect is off
[    5.478774] sd 2:0:0:0: [sda] Write Protect is off
[    5.489516] sd 2:0:1:0: [sdb] Incomplete mode parameter data
[    5.493291] sd 2:0:1:0: [sdb] Assuming drive cache: write through
[    5.510101] sd 2:0:0:0: [sda] Incomplete mode parameter data
[    5.515950] sd 2:0:0:0: [sda] Assuming drive cache: write through
[    5.526162] e1000 0000:00:08.0 eth1: (PCI:33MHz:32-bit) 08:00:27:18:89:b9
[    5.546578] e1000 0000:00:08.0 eth1: Intel(R) PRO/1000 Network Connection
[    5.564691] sd 2:0:1:0: [sdb] Attached SCSI disk
[    5.611685]  sda: sda1
[    5.623701] e1000 0000:00:08.0 enp0s8: renamed from eth1
[    5.633650] sd 2:0:0:0: [sda] Attached SCSI disk
[    5.698707] e1000 0000:00:03.0 enp0s3: renamed from eth0
Begin: Loading essential drivers ... [    7.136076] raid6: sse2x1   gen() 11155 MB/s
[    7.208328] raid6: sse2x1   xor()  7775 MB/s
[    7.324111] raid6: sse2x2   gen() 14035 MB/s
[    7.408109] raid6: sse2x2   xor()  9181 MB/s
[    7.532025] raid6: sse2x4   gen() 16261 MB/s
[    7.624224] raid6: sse2x4   xor() 10020 MB/s
[    7.732417] raid6: avx2x1   gen() 15158 MB/s
[    7.800184] raid6: avx2x1   xor() 11731 MB/s
[    7.852266] raid6: avx2x2   gen() 15202 MB/s
[    7.900173] raid6: avx2x2   xor() 11387 MB/s
[    7.952923] raid6: avx2x4   gen() 24686 MB/s
[    8.036230] raid6: avx2x4   xor() 11879 MB/s
[    8.051197] raid6: using algorithm avx2x4 gen() 24686 MB/s
[    8.109084] raid6: .... xor() 11879 MB/s, rmw enabled
[    8.142507] raid6: using avx2x2 recovery algorithm
[    8.212096] xor: automatically using best checksumming function   avx       
[    8.266058] async_tx: api initialized (async)
done.
Begin: Running /scripts/init-premount ... done.
Begin: Mounting root file sys[    8.368710] Btrfs loaded, crc32c=crc32c-intel
tem ... Begin: Running /scripts/local-top ... done.
Begin: Running /scripts/local-premount ... Scanning for Btrfs filesystems
done.
Warning: fsck no[    8.477698] EXT4-fs (sda1): mounted filesystem with ordered data mode. Opts: (null)
t present, so skipping root file system
done.
Begin: Running /scripts/local-bottom ... done.
Begin: Running /scripts/init-bottom ... done.
[    8.766091] ip_tables: (C) 2000-2006 Netfilter Core Team
[    8.778369] systemd[1]: systemd 237 running in system mode. (+PAM +AUDIT +SELINUX +IMA +APPARMOR +SMACK +SYSVINIT +UTMP +LIBCRYPTSETUP +GCRYPT +GNUTLS +ACL +XZ +LZ4 +SECCOMP +BLKID +ELFUTILS +KMOD -IDN2 +IDN -PCRE2 default-hierarchy=hybrid)
[    8.891463] systemd[1]: Detected virtualization oracle.
[    8.902291] systemd[1]: Detected architecture x86-64.

Welcome to [1mUbuntu 18.04.1 LTS[0m!

[    8.954077] systemd[1]: Set hostname to <ubuntu>.
[    8.966849] systemd[1]: Initializing machine ID from random generator.
[    8.976490] systemd[1]: Installed transient /etc/machine-id file.
[    9.275721] systemd[1]: Created slice User and Session Slice.
[[0;32m  OK  [0m] Created slice User and Session Slice.
[    9.388542] systemd[1]: Reached target Swap.
[[0;32m  OK  [0m] Reached target Swap.
[    9.490038] systemd[1]: Created slice System Slice.
[[0;32m  OK  [0m] Created slice System Slice.
[    9.496726] systemd[1]: Listening on Journal Audit Socket.
[[0;32m  OK  [0m] Listening on Journal Audit Socket.
[[0;32m  OK  [0m] Created slice system-serial\x2dgetty.slice.
[[0;32m  OK  [0m] Listening on /dev/initctl Compatibility Named Pipe.
[[0;32m  OK  [0m] Listening on Device-mapper event daemon FIFOs.
[[0;32m  OK  [0m] Listening on LVM2 poll daemon socket.
[[0;32m  OK  [0m] Set up automount Arbitrary Executab…rmats File System Automount Point.
[[0;32m  OK  [0m] Started Forward Password Requests to Wall Directory Watch.
[[0;32m  OK  [0m] Listening on LVM2 metadata daemon socket.
[[0;32m  OK  [0m] Listening on udev Control Socket.
[[0;32m  OK  [0m] Listening on Network Service Netlink Socket.
[[0;32m  OK  [0m] Reached target Slices.
[[0;32m  OK  [0m] Reached target User and Group Name Lookups.
[[0;32m  OK  [0m] Listening on Journal Socket (/dev/log).
[[0;32m  OK  [0m] Listening on Syslog Socket.
[[0;32m  OK  [0m] Reached target System Time Synchronized.
[[0;32m  OK  [0m] Listening on udev Kernel Socket.
[[0;32m  OK  [0m] Listening on Journal Socket.
         Starting Journal Service...
         Starting Remount Root and Kernel File Systems...
         Mounting Huge Pages File System...
         Starting Uncomplicated firewall...
         Starting Set the console keyboard layout...
         Starting Load Kernel Modules...
         Starting Monitoring of LVM2 mirrors…ng dmeventd or progress polling...
         Starting Create list of required st…ce nodes for the current kernel...
         Mounting Kernel Debug File System...
[   10.243588] Loading iSCSI transport class v2.0-870.
         Mounting POSIX M[   10.388463] iscsi: registered transport (tcp)
essage Queue File System...
[   10.470968] iscsi: registered transport (iser)
         Starting udev Coldplug all Devices...
[[0;32m  OK  [0m] Started Journal Service.
[[0;32m  OK  [0[   10.608765] EXT4-fs (sda1): re-mounted. Opts: (null)
m] Mounted Huge Pages File System.
[[0;32m  OK  [0m] Started Remount Root and Kernel File Systems.
[[0;32m  OK  [0m] Started Uncomplicated firewall.
[[0;32m  OK  [0m] Started Set the console keyboard layout.
[[0;32m  OK  [0m] Started Load Kernel Modules.
[[0;32m  OK  [0m] Started Create list of required sta…vice nodes for the current kernel.
[[0;32m  OK  [0m] Mounted Kernel Debug File System.
[   10.918112] random: crng init done
[   11.028203] random: 7 urandom warning(s) missed due to ratelimiting
[[0;32m  OK  [0m] Mounted POSIX Message Queue File System.
[[0;32m  OK  [0m] Started LVM2 metadata daemon.
         Starting Create Static Device Nodes in /dev...
         Mounting FUSE Control File System...
         Mounting Kernel Configuration File System...
         Starting Apply Kernel Variables...
         Starting Load/Save Random Seed...
         Starting Initial cloud-init job (pre-networking)...
         Starting Flush Journal to Persistent Storage...
[[0;32m  OK  [0m] Started Monitoring of LVM2 mirrors,…sing dmeventd or progress polling.
[[0;32m  OK  [0m] Started udev Coldplug all Devices.
[[0;32m  OK  [0m] Started Create Static Device Nodes in /dev.
[[0;32m  OK  [0m] Mounted FUSE Control File System.
[[0;32m  OK  [0m] Mounted Kernel Configuration File System.
[[0;32m  OK  [0m] Started Apply Kernel Variables.
[[0;32m  OK  [0m] Started Load/Save Random Seed.
         Starting udev Kernel Device Manager...
[[0;32m  OK  [0m] Reached target Local File Systems (Pre).
[[0;32m  OK  [0m] Reached target Local File Systems.
         Starting Set console font and keymap...
         Starting ebtables ruleset management...
         Starting AppArmor initialization...
         Starting Commit a transient machine-id on disk...
         Starting Tell Plymouth To Write Out Runtime Data...
[[0;32m  OK  [0m] Started udev Kernel Device Manager.
[[0;32m  OK  [0m] Started Set console font and keymap.
[[0;32m  OK  [0m] Started Dispatch Password Requests to Console Directory Watch.
[[0;32m  OK  [0m] Reached target Local Encrypted Volumes.
[[0;32m  OK  [0m] Started Tell Plymouth To Write Out Runtime Data.
[[0;32m  OK  [0m] Started Commit a transient machine-id on disk.
[[0;32m  OK  [0m] Started Flush Journal to Persistent Storage.
         Starting Create Volatile Files and Directories...
[[0;32m  OK  [0m] Started ebtables ruleset management.
[[0;32m  OK  [0m] Started Create Volatile Files and Directories.
         Starting Update UTMP about System Boot/Shutdown...
[[0;32m  OK  [0m] Started Update UTMP about System Boot/Shutdown.
[[0;32m  OK  [0m] Found device /dev/ttyS0.
[[0;32m  OK  [0m] Listening on Load/Save RF Kill Switch Status /dev/rfkill Watch.
[   15.746646] cloud-init[404]: Cloud-init v. 18.3-9-g2e62cb8a-0ubuntu1~18.04.2 running 'init-local' at Thu, 25 Oct 2018 10:11:14 +0000. Up 14.49 seconds.
[[0;32m  OK  [0m] Started Initial cloud-init job (pre-networking).
[[0;32m  OK  [0m] Reached target Network (Pre).
         Starting Network Service...
[[0;32m  OK  [0m] Started AppArmor initialization.
[[0;32m  OK  [0m] Started Network Service.
         Starting Wait for Network to be Configured...
         Starting Network Name Resolution...
[[0;32m  OK  [0m] Started Network Name Resolution.
[[0;32m  OK  [0m] Reached target Host and Network Name Lookups.
[[0;32m  OK  [0m] Reached target Network.
[[0;32m  OK  [0m] Started Wait for Network to be Configured.
         Starting Initial cloud-init job (metadata service crawler)...
[   19.600381] cloud-init[582]: Cloud-init v. 18.3-9-g2e62cb8a-0ubuntu1~18.04.2 running 'init' at Thu, 25 Oct 2018 10:11:17 +0000. Up 18.04 seconds.
[   19.676921] cloud-init[582]: ci-info: ++++++++++++++++++++++++++++++++++++++Net device info+++++++++++++++++++++++++++++++++++++++
[[   19.768663] cloud-init[582]: ci-info: +--------+-------+----------------------------+---------------+--------+-------------------+
[   19.769394] cloud-init[582]: ci-info: | Device |   Up  |          Address           |      Mask     | Scope  |     Hw-Address    |
[   19.769440] cloud-init[582]: ci-info: +--------+-------+----------------------------+---------------+--------+-------------------+
[   19.769475] cloud-init[582]: ci-info: | enp0s3 |  True |         10.0.2.15          | 255.255.255.0 | global | 02:cf:c7:e0:d6:93 |
[   19.769516] cloud-init[582]: ci-info: | enp0s3 |  True | fe80::cf:c7ff:fee0:d693/64 |       .       |  link  | 02:cf:c7:e0:d6:93 |
[   19.769552] cloud-init[582]: ci-info: | enp0s8 | False |             .              |       .       |   .    | 08:00:27:18:89:b9 |
[   19.769587] cloud-init[582]: ci-info: |   lo   |  True |         127.0.0.1          |   255.0.0.0   |  host  |         .         |
[   19.769623] cloud-init[582]: ci-info: |   lo   |  True |          ::1/128           |       .       |  host  |         .         |
[   19.769658] cloud-init[582]: ci-info: +--------+-------+----------------------------+---------------+--------+-------------------+
[   19.769691] cloud-init[582]: ci-info: ++++++++++++++++++++++++++++Route IPv4 info+++++++++++++++++++++++++++++
[   19.769723] cloud-init[582]: ci-info: +-------+-------------+----------+-----------------+-----------+-------+
[   19.769760] cloud-init[582]: ci-info: | Route | Destination | Gateway  |     Genmask     | Interface | Flags |
[   19.769796] cloud-init[582]: ci-info: +-------+-------------+----------+-----------------+-----------+-------+
[   19.769833] cloud-init[582]: ci-info: |   0   |   0.0.0.0   | 10.0.2.2 |     0.0.0.0     |   enp0s3  |   UG  |
[   19.769866] cloud-init[582]: ci-info: |   1   |   10.0.2.0  | 0.0.0.0  |  255.255.255.0  |   enp0s3  |   U   |
[   19.769903] cloud-init[582]: ci-info: |   2   |   10.0.2.2  | 0.0.0.0  | 255.255.255.255 |   enp0s3  |   UH  |
[   19.769937] cloud-init[582]: ci-info: +-------+-------------+----------+-----------------+-----------+-------+
[   19.769972] cloud-init[582]: ci-info: +++++++++++++++++++Route IPv6 info+++++++++++++++++++
[   19.770053] cloud-init[582]: ci-info: +-------+-------------+---------+-----------+-------+
[   19.770090] cloud-init[582]: ci-info: | Route | Destination | Gateway | Interface | Flags |
[   19.770122] cloud-init[582]: ci-info: +-------+-------------+---------+-----------+-------+
[   19.770187] cloud-init[582]: ci-info: |   1   |  fe80::/64  |    ::   |   enp0s3  |   U   |
[   19.770228] cloud-init[582]: ci-info: |   3   |    local    |    ::   |   enp0s3  |   U   |
[   19.770263] cloud-init[582]: ci-info: |   4   |   ff00::/8  |    ::   |   enp0s3  |   U   |
[   19.770297] cloud-init[582]: ci-info: +-------+-------------+---------+-----------+-------+
[   19.770329] cloud-init[582]: Generating public/private rsa key pair.
[   19.770364] cloud-init[582]: Your identification has been saved in /etc/ssh/ssh_host_rsa_key.
[   19.770399] cloud-init[582]: Your public key has been saved in /etc/ssh/ssh_host_rsa_key.pub.
[   19.770431] cloud-init[582]: The key fingerprint is:
[   19.770464] cloud-init[582]: SHA256:g4VfGfqH1BMadz6sPM11pvy0q/zFXLovdDYb6HD18HI root@ubuntu-bionic
[   19.770500] cloud-init[582]: The key's randomart image is:
[   19.770537] cloud-init[582]: +---[RSA 2048]----+
[   19.770574] cloud-init[582]: |          o o .  |
[   19.770608] cloud-init[582]: |       . . B =   |
[   19.770643] cloud-init[582]: |      . o = o + +|
[   19.770678] cloud-init[582]: |       + + o *.*.|
[   19.770726] cloud-init[582]: |      . S o = Bo+|
[   19.770757] cloud-init[582]: |         . o +oOE|
[   19.770785] cloud-init[582]: |            +..*O|
[   19.770817] cloud-init[582]: |            ...oo|
[   19.770850] cloud-init[582]: |             o+=.|
[   19.770878] cloud-init[582]: +----[SHA256]-----+
[   19.770904] cloud-init[582]: Generating public/private dsa key pair.
[   19.770931] cloud-init[582]: Your identification has been saved in /etc/ssh/ssh_host_dsa_key.[0;32m  OK  [0m] Started Initial cloud-init job (metadata service crawler).
[[0;32m  OK  [0m] Reached target Network is Online.

[[0;32m  OK  [0m] Reached target Remote File Systems (Pre).
[[0;32m  OK  [0m[   20.423100] cloud-init[582]: Your public key has been saved in /etc/ssh/ssh_host_dsa_key.pub.] Reached target Remote File Systems.

         Starting Availability of block devices...
[[0;32m  OK  [0m] Reached target Cloud-config availability.
[[0;32m  OK  [0m] Reached target System Initialization.
[[0;32m  OK  [0m] Started Daily Cleanup of Temporary Directories.
[[0;32m  OK  [0m[   20.490340] cloud-init[582]: The key fingerprint is:
[   20.570905] cloud-init[582]: SHA256:/bwk2fI3NM0T9TBEzhUKd1omhsOBYw884FsUKeF2qxg root@ubuntu-bionic
[   20.571133] cloud-init[582]: The key's randomart image is:
[   20.571195] cloud-init[582]: +---[DSA 1024]----+
[   20.571253] cloud-init[582]: |       o+o=oo*o=o|
[   20.571314] cloud-init[582]: |      o..O ++oX..|
[   20.571369] cloud-init[582]: |       +oo= .oooo|
[   20.571414] cloud-init[582]: |      . +...   ..|
[   20.571461] cloud-init[582]: |     E .S..    o.|
[   20.571521] cloud-init[582]: |      o .  =  o.o|
[   20.571576] cloud-init[582]: |     . .  + =. ..|
[   20.571626] cloud-init[582]: |           = .o  |
[   20.571706] cloud-init[582]: |            o. . |
[   20.571763] cloud-init[582]: +----[SHA256]-----+
[   20.571804] cloud-init[582]: Generating public/private ecdsa key pair.
[   20.571846] cloud-init[582]: Your identification has been saved in /etc/ssh/ssh_host_ecdsa_key.
[   20.571896] cloud-init[582]: Your public key has been saved in /etc/ssh/ssh_host_ecdsa_key.pub.
[   20.571963] cloud-init[582]: The key fingerprint is:
] Started Discard unused blocks once a week.
[[0;32m  OK  [0m] Listening on UUID daemon activation socket.
[[0;32m  OK  [0m] Started Daily apt download activities.
[   20.572029] cloud-init[582]: SHA256:PpoXEgpwzWLzE7ctmX9ZqeW4hHJ8ct4j7j7kHBOVItc root@ubuntu-bionic
[   20.736985] cloud-init[582]: The key's randomart image is:
[[   20.745488] cloud-init[582]: +---[ECDSA 256]---+
[   20.748230] cloud-init[582]: |   o       . .   |
[   20.748347] cloud-init[582]: |. = + . . o E    |
[   20.748392] cloud-init[582]: | + + o = o o .   |
[   20.748445] cloud-init[582]: |  . o * . . +    |
[0;32m  OK  [0m] Listening on D-Bus System Message Bus Socket.
         Starting LXD - unix socket.
[   20.821848] cloud-init[582]: |   . o =S. O     |
[   20.832201] cloud-init[582]: |    . o.B % .    |
         Starting Socket activation for snappy daemon.
[[   20.848673] cloud-init[582]: |       +o% =     |
[   20.863011] cloud-init[582]: |       o..B o    |
[   20.863513] cloud-init[582]: |      o. ++o .   |
[0;32m  OK  [0m] Started Message of the Day.
[[0;32m  OK  [0m] Started Daily apt upgrade and clean activities.[   20.865301] cloud-init[582]: +----[SHA256]-----+
[   20.902385] cloud-init[582]: Generating public/private ed25519 key pair.
[   20.902465] cloud-init[582]: Your identification has been saved in /etc/ssh/ssh_host_ed25519_key.
[   20.902509] cloud-init[582]: Your public key has been saved in /etc/ssh/ssh_host_ed25519_key.pub.
[   20.902554] cloud-init[582]: The key fingerprint is:
[   20.903073] cloud-init[582]: SHA256:N8H0rZrPtgEcHzco1WJt2Lz1KTmBamTFC53HF8xypb0 root@ubuntu-bionic
[   20.903126] cloud-init[582]: The key's randomart image is:
[   20.903174] cloud-init[582]: +--[ED25519 256]--+
[   20.903224] cloud-init[582]: |          =.=*o.+|
[   20.903265] cloud-init[582]: |         * B+B*B.|
[   20.903303] cloud-init[582]: |        o B.*o@o+|
[[0;32m  OK  [0m] Reached target Timers.

[   20.954710] cloud-init[582]: [[0;32m  OK  [0m] Started ACPI Events Check.
[[0;32m  OK  [0m] Reached target Paths.|         + * B.oo|
[   20.961142] cloud-init[582]: |        S = o oE |
[   20.961991] cloud-init[582]: |         . =     |
[   20.962029] cloud-init[582]: |          o .    |
[   20.962067] cloud-init[582]: |           o..   |
[   20.962107] cloud-init[582]: |           .+.   |
[   20.962143] cloud-init[582]: +----[SHA256]-----+

[[0;32m  OK  [0m] Listening on Open-iSCSI iscsid Socket.
[[0;32m  OK  [0m] Listening on ACPID Listen Socket.
[[0;32m  OK  [0m] Started Availability of block devices.
[[0;32m  OK  [0m] Listening on LXD - unix socket.
[[0;32m  OK  [0m] Listening on Socket activation for snappy daemon.
[[0;32m  OK  [0m] Reached target Sockets.
[[0;32m  OK  [0m] Reached target Basic System.
         Starting LSB: Record successful boot for GRUB...
[[0;32m  OK  [0m] Started FUSE filesystem for LXC.
[[0;32m  OK  [0m] Started Regular background program processing daemon.
         Starting Login Service...
         Starting Permit User Sessions...
         Starting Dispatcher daemon for systemd-networkd...
         Starting Pollinate to seed the pseudo random number generator...
[[0;32m  OK  [0m] Started D-Bus System Message Bus.
[[0;32m  OK  [0m] Started Login Service.
[[0;32m  OK  [0m] Started Unattended Upgrades Shutdown.
[[0;32m  OK  [0m] Started irqbalance daemon.
         Starting System Logging Service...
         Starting Snappy daemon...
         Starting LXD - container startup/shutdown...
         Starting LSB: automatic crash report generation...
[[0;32m  OK  [0m] Started Deferred execution scheduler.
         Starting Accounts Service...
         Starting Virtualbox guest utils...
[[0;32m  OK  [0m] Started System Logging Service.
[[0;32m  OK  [0m] Started Permit User Sessions.
         Starting Hold until boot process finishes up...
         Starting Terminate Plymouth Boot Screen...
[[0;32m  OK  [0m] Started Hold until boot process finishes up.
         Starting Set console scheme...
[[0;32m  OK  [0m] Started Serial Getty on ttyS0.
[[0;32m  OK  [0m] Started Terminate Plymouth Boot Screen.
[[0;32m  OK  [0m] Started Set console scheme.
[[0;32m  OK  [0m] Created slice system-getty.slice.
[[0;32m  OK  [0m] Started Getty on tty1.
[[0;32m  OK  [0m] Reached target Login Prompts.
         Starting Authorization Manager...
[[0;32m  OK  [0m] Started LSB: automatic crash report generation.
[[0;32m  OK  [0m] Started LSB: Record successful boot for GRUB.
[[0;32m  OK  [0m] Started Authorization Manager.
[[0;32m  OK  [0m] Started Accounts Service.
[[0;32m  OK  [0m] Started LXD - container startup/shutdown.
[[0;32m  OK  [0m] Started Snappy daemon.
         Starting Wait until snapd is fully seeded...
[[0;32m  OK  [0m] Started Virtualbox guest utils.
[[0;32m  OK  [0m] Started Dispatcher daemon for systemd-networkd.
[[0;32m  OK  [0m] Started Pollinate to seed the pseudo random number generator.
         Starting OpenBSD Secure Shell server...
[[0;32m  OK  [0m] Started OpenBSD Secure Shell server.
[[0;32m  OK  [0m] Created slice User Slice of vagrant.
[[0;32m  OK  [0m] Started Session 1 of user vagrant.
         Starting User Manager for UID 1000...
[[0;32m  OK  [0m] Started User Manager for UID 1000.
[[0;32m  OK  [0m] Started Wait until snapd is fully seeded.
[[0;32m  OK  [0m] Reached target Multi-User System.
[[0;32m  OK  [0m] Reached target Graphical Interface.
         Starting Update UTMP about System Runlevel Changes...
         Starting Apply the settings specified in cloud-config...
[[0;32m  OK  [0m] Started Update UTMP about System Runlevel Changes.

Ubuntu 18.04.1 LTS ubuntu-bionic ttyS0

ubuntu-bionic login: [   28.444517] cloud-init[1048]: Cloud-init v. 18.3-9-g2e62cb8a-0ubuntu1~18.04.2 running 'modules:config' at Thu, 25 Oct 2018 10:11:27 +0000. Up 27.46 seconds.
ci-info: no authorized ssh keys fingerprints found for user ubuntu.
<14>Oct 25 10:11:30 ec2: 
<14>Oct 25 10:11:30 ec2: #############################################################
<14>Oct 25 10:11:30 ec2: -----BEGIN SSH HOST KEY FINGERPRINTS-----
<14>Oct 25 10:11:30 ec2: 1024 SHA256:/bwk2fI3NM0T9TBEzhUKd1omhsOBYw884FsUKeF2qxg root@ubuntu-bionic (DSA)
<14>Oct 25 10:11:30 ec2: 256 SHA256:PpoXEgpwzWLzE7ctmX9ZqeW4hHJ8ct4j7j7kHBOVItc root@ubuntu-bionic (ECDSA)
<14>Oct 25 10:11:30 ec2: 256 SHA256:N8H0rZrPtgEcHzco1WJt2Lz1KTmBamTFC53HF8xypb0 root@ubuntu-bionic (ED25519)
<14>Oct 25 10:11:30 ec2: 2048 SHA256:g4VfGfqH1BMadz6sPM11pvy0q/zFXLovdDYb6HD18HI root@ubuntu-bionic (RSA)
<14>Oct 25 10:11:30 ec2: -----END SSH HOST KEY FINGERPRINTS-----
<14>Oct 25 10:11:30 ec2: #############################################################
-----BEGIN SSH HOST KEY KEYS-----
ecdsa-sha2-nistp256 AAAAE2VjZHNhLXNoYTItbmlzdHAyNTYAAAAIbmlzdHAyNTYAAABBBDrnp6LesXov/QZVRjG9vOB5fbalxnpgQElN3E2MAPq7KhPah6eWfOj6hJ/0vBAcY/NhYv8g5bqQrv9kjGfLZm8= root@ubuntu-bionic
ssh-ed25519 AAAAC3NzaC1lZDI1NTE5AAAAIFqhpU6Mx95wPyOpZypoDuQ/Di6jqp7iF1NTEZIMxd8I root@ubuntu-bionic
ssh-rsa AAAAB3NzaC1yc2EAAAADAQABAAABAQC7Of+NHW7OPg5ZqxO4GHUkYAriSAwJ9OfwS3CK8zyvAEFc07u9KGshKkL6UF9LA2EJI1RGPYAvin+vnQNVknihUYJCEKqkokSgRXdx0T9+1ncaplMwAPRVJKouXWCPMvPMy6EQH8qcmJk2SGK+PkLC3ji/UrIqQ0uEzel714DqNNpzYrjsg1Lw2RQedFlGD/Mmf84Eslu7ZLrXXZv3o33hXBHgmwEA5q9x++drNfMAmctitxpd9HC52MI4yAYefZVLIAsYXs01ZT0zcIakQ5kKGsui7HtqPORw4xYFcLSY6AOpIGacv5hx8MLlNDrKkte6uubkymVIiNZVq4mXZbgP root@ubuntu-bionic
-----END SSH HOST KEY KEYS-----
[   30.947595] cloud-init[1257]: Cloud-init v. 18.3-9-g2e62cb8a-0ubuntu1~18.04.2 running 'modules:final' at Thu, 25 Oct 2018 10:11:30 +0000. Up 30.30 seconds.
[   30.957253] cloud-init[1257]: ci-info: no authorized ssh keys fingerprints found for user ubuntu.
[   30.963751] cloud-init[1257]: Cloud-init v. 18.3-9-g2e62cb8a-0ubuntu1~18.04.2 finished at Thu, 25 Oct 2018 10:11:30 +0000. Datasource DataSourceNoCloud [seed=/dev/sdb][dsmode=net].  Up 30.89 seconds
