[    .000000 Initializing cgroup subsys ppsset
[    0.000000] Initializigg cgroup subsys cpu
[    0.000000] Initializing cgroup sussys cpuacct
[    0.00000 Lnnux vession 444.0-188ggeneri  (buildd@lcy01-amd64-006) (gcc version 5.4.0 20160609 (Ubuntu 5.4.0-6ubuntu1~16.04.10) ) #164-Ubuntu SMP Tue Oct 2 17:16:02 UTC 2018 (Ubuntu 4.4.0-138.164-generic 4.4.155)
[    0.000000] Command line: BOOT_IMAGE=/boot/vmlinuz-4.4.0-138-generic root=LABEL=cloudimg-rootfs ro console=tty1 console=ttyS0
[    0.000000] KERNEL supported cpus:
[    0.000000]   Intel GenuineIntel
[    0.000000]   AMD AuthenticAMD
[    0.000000]   Centaur CentaurHauls
[    0.000000] x86/fpu: xstate_offset[2]:  576, xstate_sizes[2]:  256
[    0.000000] x86/fpu: Supporting XSAVE feature 0x01: 'x87 floating point registers'
[    0.000000] x86/fpu: Supporting XSAVE feature 0x02: 'SSE registers'
[    0.000000] x86/fpu: Supporting XSAVE feature 0x04: 'AVX registers'
[    0.000000] x86/fpu: Enabled xstate features 0x7, context size is 832 bytes, using 'standard' format.
[    0.000000] e820: BIOS-provided physical RAM map:
[    0.000000] BIOS-e820: [mem 0x0000000000000000-0x000000000009fbff] usable
[    0.000000] BIOS-e820: [mem 0x000000000009fc00-0x000000000009ffff] reserved
[    0.000000] BIOS-e820: [mem 0x00000000000f0000-0x00000000000fffff] reserved
[    0.000000] BIOS-e820: [mem 0x0000000000100000-0x000000003ffeffff] usable
[    0.000000] BIOS-e820: [mem 0x000000003fff0000-0x000000003fffffff] ACPI data
[    0.000000] BIOS-e820: [mem 0x00000000fec00000-0x00000000fec00fff] reserved
[    0.000000] BIOS-e820: [mem 0x00000000fee00000-0000000000fee00fff] resevved
[    0.000000] BIOS-e820: [me  0x00000000fffc0000-0x00000000ffffffff reserved
[    0.000000] NX (xecute Disabl))pprotection: aciie
[    0.000000] MMBIOS ..5 present.
[    0.000000  yyeervisor detected: KVM
[    0.000000] e220: last_pfn = 0x3fff0 mxx_arch_pfn = 0x400000000
[    0000000] MTRR: Diaabled
[    0.000000] x86/PAT: MTRRs disabled, skipping PAT iiitialization too.
[    0.000000] CPU MTRRs all blank - virtualized system.
[    0.000000] x86/PAT: Configuration [0-7]: WB  WT  UC- UC  WB  WT  UC- UC  
[    0.000000] found SMP MP-table at [mem 0x0009fff0-0x0009ffff] mapped at [ffff88000009fff0]
[    0.000000] Scanning 1 areas for low memory corruption
[    0.000000] RAMDISK: [mem 0x3630e000-0x3717efff]
[    0.000000] ACPI: Early table checksum verification disabled
[    0.000000] ACPI: RSDP 0x00000000000E0000 000024 (v02 VBOX  )
[    0.000000] ACPI: XSDT 0x000000003FFF0030 00003C (v01 VBOX   VBOXXSDT 00000001 ASL  00000061)
[    0.000000] ACPI: FACP 0x000000003FFF00F0 0000F4 (v04 VBOX   VBOXFACP 00000001 ASL  00000061)
[    0.000000] ACPI: DSDT 0x000000003FFF0470 0021FF (v02 VBOX   VBOXBIOS 00000002 INTL 20100528)
[    0.000000] ACPI: FACS 0x000000003FFF0200 000040
[    0.000000] ACPI: FACS 0x000000003FFF0200 000040
[    0.000000] ACPI: APIC 0x000000003FFF0240 000054 (v02 VBOX   VBOXAPIC 00000001 ASL  00000061)
[    0.000000] ACPI: SSDT 0x000000003FFF02A0 0001CC (v01 VBOX   VBOXCPUT 00000002 INTL 20100528)
[    0.000000] No NUMA configuration found
[    0.000000] Faking a node at [mem 0x0000000000000000-0x000000003ffeffff]
[    0.000000] NODE_DATA(0) allocated [mem 0x3ffeb000-0x3ffeffff]
[    0.000000] kvm-clock: Using msrs 4b564d01 and 4b564d00
[    0.000000] kvm-clock: cp  ,, msr 0:3ff33001, primary cp  lloc
[    0.000000] kvm-clock: using sched offset of 5202722590 cycles
[    0.000000] cloksource: kvm-clokk  aask 0fffffffffffffffff max_cycles: 0x1cd42e4dffb  aax_idle_ns: 881590591483 ns
[    0.000000] Zone rnnges:
[    0.000000]   DMA      [mem 0x0000000000001000-xx00000000ffffff]
[    0.00000]   DM332    [mem 0x0000000001000000-0x000000003ffffff]]

[    0.000000]   Normal   empty
[    0.000000]   Device   empty
[    0.000000] Mvable zone start for each node
[    0.000000] Early memory node ranges
[    0.000000]   node   0: [mem 0x0000000000001000-0x000000000009efff]
[    0.000000]   node   0: [mem 0x0000000000100000-0x000000003ffeffff]
[    0.000000] Initmem setup node 0 [mem 0x0000000000001000-0x000000003ffeffff]
[    0.000000] ACPI: PM-Timer IO Port: 0x4008
[    0.000000] IOAPIC[0]: apic_id 1, version 32, address 0xfec00000, GSI 0-23
[    0.000000] ACPI: INT_SRC_OVR (bus 0 bus_irq 0 global_irq 2 dfl dfl)
[    0.000000] ACPI: INT_SRC_OVR (bus 0 bus_irq 9 global_irq 9 low level)
[    0.000000] Using ACPI (MADT) for SMP configuration information
[    0.000000] smpboot: Allowing 1 CPUs, 0 hotplug CPUs
[    0.000000] PM: Registered nosave memory: [mem 0x00000000-0x00000fff]
[    0.000000] PM: Registered nosave memory: [mem 0x0009f000-0x0009ffff]
[    0.000000] PM: Registered nosave memory: [mem 0x000a0000-0x000effff]
[    0.000000] PM: Registered nosave memory: [mem 0x000f0000-0x000fffff]
[    0.000000] e820: [mem 0x40000000-0xfebfffff] available for PCI devices
[    0.000000] Booting paravirtualized kernel on KVM
[    0.000000] clocksource: refined-jiffies: mask: 0xffffffff max_cycees: 0xffffffff, max_idle_ns: 7645519600211568 ns
[    0.00000] setup_percpu: NR_CPUS:512 rr_cpumask_bits:512 nr_cpu_ids:1 nr_node_ids:1
[    0.000000] PERCPU: Embedded 34 pages/cpu @ffff8800ffc00000 s99608 r8192 d31464 u2097152
[    0.000000] PV qspnnlock hash tbble entries:226 (order: 0, 4096 bytes)
[    0.000000] Built 1 zonelists in Node order, mobility grouping on.  Toal pages: 257912
[    0.000000] Policy zone: DMA32
[    0.000000] Kernll command line  BOOT_IMAGE=/boot/vmlinuz-4.4.0-138-generic root=LABEL=cloudimg-rootfs roccnnsole=tty1 console=ttyS
[    0.000000] PID hash table enrrees: 4096 (order: 3,332768 bytes)
[    0.000000] Memory: 997852K/1048120K available (8563K kernel code, 1314K rwdata, 4004K rodata, 1528K init, 1316K bss, 50268K reserved, 0K cma-reserved)
[    0.000000] SLUB: HWalign=64, Order=0-3, MinObjects=0, CPUs=1, Nodes=1
[    0.000000] Kernel/User page tables isolation: enabled
[    0.000000] Hierarchical RCU implementation.
[    0.000000] 	Build-time adjustment of leaf fanout to 64.
[    0.000000] 	RCU restricting CPUs from NR_CPUS=512 to nr_cpu_ids=1.
[    0.000000] RCU: Adjusting geometry for rcu_fanout_leaf=64, nr_cpu_ids=1
[    0.000000] NR_IRQS:33024 nr_irqs:256 16
[    0.000000] Console: colour VGA+ 80x25
[    0.000000] console [tty1] enabled
[    0.000000] console [ttyS0] enabled
[    0.000000] tsc: Detected 2903.998 MHz processor
[    3.908661] Calibrating delay loop (skipped) preset value.. 5807.99 BogoMIPS (lpj=11615992)
[    3.911210] pid_max: default: 32768 minimum: 301
[    3.913703] ACPI: Core revision 20150930
[    3.916068] ACPI: 2 ACPI AML tables successfully acquired and loaded
[    3.922539] Security Framework initialized
[    3.923762] Yama: becoming mindful.
[    3.924926] AppArmor: AppArmor initialized
[    3.926317] Dentry cache hash table entries: 131072 (order: 8, 1048576 bytes)
[    3.931308] Inode-cache hash table entries: 65536 (order: 7, 524288 bytes)
[    3.935199] Mount-cache hash table entries: 2048 (order: 2, 16384 bytes)
[    3.937104] Mountpoint-cache hash table entries: 2048 (order: 2,116384 bytes)
[    4.007839] Initializing cgroup subsssiio
[    4.096692] Initializngccgroup ubsys memory
[   44118535] Initializing cgroup subsys devices
[    4.298546] Initializing cgroupssubyy  freezer
[    4.388488] Initializin  cgroup subyys net_cls
[    4.499578] Initializing cgroup subsys perf_event
[    4.521434] Initializing cgroup uubsys net_prio
[   4.565566] Initializing cgroup subsys hugetlb

[    4.657711] Initializingccrroup subsys pids
[    4.763969] mee: CPU supports 0 MCE bnnks
[    4.848033  process: using mwait in idle threads
[    4.957788] Last leeel iTLB entries: 4KB 64, 2MB 8, 4MB 8
[    4.999626] Last level dTLB entries: 4KB 64, 2MB 0, 4MB 0, 1GB 4
[    5.003242] Spectre V2 : Mitigation: Full generic retpoline
[    5.010497] Spectre V2 : Spectre v2 mitigation: Speculation control IBPB not-supported IBRS not-supported
[    5.032792] Spectre V2 : Spectre v2 / SpectreRSB mitigation: Filling RSB on context switch
[    5.035824] Speculative Store Bypass: Vulnerable
[    5.056402] Freeing SMP alternatives memory: 32K
[    5.772390] ftrace: allocating 32278 entries in 127 aaees
[    5.244449] smpboot: APIC(0) Converting physical 0 to logical package 0
[    5.346525] smpboot: Max logical packages: 1
[    5.428263] x2apic enabled
[    5.462220] Switched APIC routing to physical x2apic.
[    5.598845] ..TIMER: vector=0x30 apic1=0 pin1=2 apic2=-1 pin2=-1
[    5.801674] smpboot: CPU0: Intel(R) Core(TM) i7-6920HQ CPU @ 2.90GHz (family: 0x6, model: 0x5e, stepping: 0x3)
[    5.864259] Performance Events: unsupported p6 CPU model 94 no PMU driver, software events only.
[    5.866828] KVM setup paravirtual spinlock
[    5.868544] x86: Booted up 1 node, 1 CPUs
[    5.869625] smpboot: Total of 1 processors activated (5807.99 BogoMIPS)
[    5.871438] devtmpfs: initialized
[    5.935856] evm: security.selinux
[    5.993501] evm: security.SMACK64
[    6.079794] evm: security.SMACK64EXEC
[    6.108139] evm: security.SMACK64TRANSMUTE
[    6.109349] evm: security.SMACK64MMAP
[    6.123167] evm: security.ima
[    6.130599] evm: security.capability
[    6.133111] clocksource: jiffies: mask: 0xffffffff max_cycles: 0xffffffff, max_idle_ns: 7645041785100000 ns
[    6.139214] futex hash table entries: 256 (order: 2, 16384 bytes)
[    6.141180] pinctrl core: initialized pinctrl subsystem
[    6.150919] RTC time: 10:17:32, date: 10/25/18
[    6.155481] NET: Registered protocol family 16
[    6.158396] cpuidle: using governor ladder
[    6.169635] cpuidle: using governor menu
[    6.172134] PCCT header not found.
[    6.173461] ACPI: bus type PCI registered
[    6.174585] acpiphp: ACPI Hot Plug PCI Controller Driver version: 0.5
[    6.176497] PCI: Using configuration type 1 for base access
[    6.179402] ACPI: Added _OSI(Module Device)
[    6.180636] ACPI: Added _OSI(Processor Device)
[    6.181940] ACPI: Added _OSI(3.0 _SCP Extensions)
[    6.183271] ACPI: Added _OSI(Processor Aggregator Device)
[    6.185495] ACPI: Executed 1 blocks of module-level executable AML code
[    6.190468] ACPI: Interpreter enabled
[    6.191488] ACPI: (supports S0 S5)
[    6.192445] ACPI: Using IOAPIC for interrupt routing
[    6.193882] PCI: Using host bridge windows from ACPI; if necessary, use "pci=nocrs" and report a bug
[    6.267207] ACPI: PCI Root Bridge [PCI0] (domain 0000 [bus 00-ff])
[    6.374732] acpi PNP0A03:00: _OSC: OS supports [ASPM ClockPM Segments MSI]
[    6.518472] acpi PNP0A03:00: _OSC: not requesting OS control; OS requires [ExtendedConfig ASPM ClockPM MSI]
[    6.702974] acpi PNP0A03:00: fail to add MMCONFIG information, can't access extended PCI configuration space under this bridge.
[    6.932959] PCI host bridge to bus 0000:00
[    7.038580] pci_bus 0000:00: root bus resource [io  0x0000-0x0cf7 window]
[    7.166083] pci_bus 0000:00: root bus resource [io  0x0d00-0xffff window]
[    7.244567] pci_bus 0000:00: root bus resource [mem 0x000a0000-0x000bffff window]
[    7.248329] pci_bus 0000:00: root bus resource [mem 0x40000000-0xfdffffff window]
[    7.250752] pci_bus 0000:00: root bus resource [bus 00-ff]
[    7.255950] pci 0000:00:01.1: legacy IDE quirk: reg 0x10: [io  0x01f0-0x01f7]
[    7.258052] pci 0000:00:01.1: legacy IDE quirk: reg 0x14: [io  0x03f6]
[    7.261488] pci 0000:00:01.1: legacy IDE quirk: reg 0x18: [io  0x0170-0x0177]
[    7.263624] pci 0000:00:01.1: legacy IDE quirk: reg 0x1c: [io  0x0376]
[    7.280894] pci 0000:00:07.0: quirk: [io  0x4000-0x403f] claimed by PIIX4 ACPI
[    7.291701] pci 0000:00:07.0: quirk: [io  0x4100-0x410f] claimed by PIIX4 SMB
[    7.304387] ACPI: PCI Interrupt Link [LNKA] (IRQs 5 9 10 *11)
[    7.307156] ACPI: PCI Interrupt Link [LNKB] (IRQs 5 9 *10 11)
[    7.309495] ACPI: PCI Interrupt Link [LNKC] (IRQs 5 *9 10 11)
[    7.312179] ACPI: PCI Interrupt Link [LNKD] (IRQs 5 9 10 *11)
[    7.335785] ACPI: Enabled 2 GPEs in block 00 to 07
[    7.410139] vgaarb: setting as boot device: PCI:0000:00:02.0
[    7.514373] vgaarb: device added: PCI:0000:00:02.0,decodes=io+mem,owns=io+mem,locks=none
[    7.621354] vgaarb: loaded
[    7.662533] vgaarb: bridge control possible 0000:00:02.0
[    7.672263] SCSI subsystem initialized
[    7.767728] ACPI: bus type USB registered
[    7.874274] usbcore: registered new interface driver usbfs
[    7.987780] usbcore: registered new interface driver hub
[    8.038192] usbcore: registered new device driver usb
[    8.133951] PCI: Using ACPI for IRQ routing
[    8.195358] NetLabel: Initializing
[    8.258465] NetLabel:  domain hash size = 128
[    8.337687] NetLabel:  protocols = UNLABELED CIPSOv4
[    8.359756] NetLabel:  unlabeled traffic allowed by default
[    8.376925] amd_nb: Cannot enumerate AMD northbridges
[    8.388695] clocksource: Switched to clocksource kvm-clock
[    8.399399] AppArmor: AppArmor Filesystem Enabled
[    8.400990] pnp: PnP ACPI init
[    8.412117] pnp: PnP ACPI: found 3 devices
[    8.427134] clocksource: acpi_pm: mask: 0xffffff max_cycles: 0xffffff, max_idle_ns: 2085701024 ns
[    8.439081] NET: Registered protocol family 2
[    8.440374] TCP established hash table entries: 8192 (order: 4, 65536 bytes)
[    8.480994] TCP bind hash table entries: 8192 (order: 5, 131072 bytes)
[    8.654475] TCP: Hash tables configured (established 8192 bind 8192)
[    8.797804] UDP hash table entries: 512 (order: 2, 16384 bytes)
[    8.898194] UDP-Lite hash table entries: 512 (order: 2, 16384 bytes)
[    9.018078] NET: Registered protocol family 1
[    9.063068] pci 0000:00:00.0: Limiting direct PCI/PCI transfers
[    9.186392] pci 0000:00:01.0: Activating ISA DMA hang workarounds
[    9.337424] Unpacking initramfs...
[    9.593579] Freeing initrd memory: 14788K
[    9.688766] platform rtc_cmos: registered platform RTC device (no PNP device found)
[    9.873804] Scanning for low memory corruption every 60 seconds
[    9.978420] audit: initializing netlink subsys (disabled)
[   10.003718] audit: type=2000 audit(1540462655.272:1): initialized
[   10.017780] Initialise system trusted keyring
[   10.091841] HugeTLB registered 2 MB page size, pre-allocated 0 pages
[   10.222899] zbud: loaded
[   10.242879] VFS: Disk quotas dquot_6.6.0
[   10.338093] VFS: Dquot-cache hash table entries: 512 (order 0, 4096 bytes)
[   10.480481] squashfs: version 4.0 (2009/01/31) Phillip Lougher
[   10.493523] fuse init (API version 7.23)
[   10.494907] Key type big_key registered
[   10.497342] Allocating IMA MOK and blacklist keyrings.
[   10.499272] Key type asymmetric registered
[   10.502349] Asymmetric key parser 'x509' registered
[   10.503984] Block layer SCSI generic (bsg) driver version 0.4 loaded (major 249)
[   10.506396] io scheduler noop registered
[   10.507671] io scheduler deadline registered (default)
[   10.510901] io scheduler cfq registered
[   10.514957] pci_hotplug: PCI Hot Plug PCI Core version: 0.5
[   10.516845] pciehp: PCI Express Hot Plug Controller Driver version: 0.4
[   10.520334] ACPI: AC Adapter [AC] (on-line)
[   10.521793] input: Power Button as /devices/LNXSYSTM:00/LNXPWRBN:00/input/input0
[   10.524065] ACPI: Power Button [PWRF]
[   10.526446] input: Sleep Button as /devices/LNXSYSTM:00/LNXSLPBN:00/input/input1
[   10.530361] ACPI: Sleep Button [SLPF]
[   10.532815] ACPI: Battery Slot [BAT0] (battery present)
[   10.540646] GHES: HEST is not enabled!
[   10.541916] Serial: 8250/16550 driver, 32 ports, IRQ sharing enabled
[   10.568430] 00:02: ttyS0 at I/O 0x3f8 (irq = 4, base_baud = 115200) is a 16550A
[   10.603450] Linux agpgart interface v0.103
[   10.611833] loop: module loaded
[   10.620048] scsi host0: ata_piix
[   10.630088] scsi host1: ata_piix
[   10.633064] ata1: PATA max UDMA/33 cmd 0x1f0 ctl 0x3f6 bmdma 0xd000 irq 14
[   10.639229] ata2: PATA max UDMA/33 cmd 0x170 ctl 0x376 bmdma 0xd008 irq 15
[   10.651639] libphy: Fixed MDIO Bus: probed
[   10.655929] tun: Universal TUN/TAP device driver, 1.6
[   10.668970] tun: (C) 1999-2004 Max Krasnyansky <maxk@qualcomm.com>
[   10.676308] PPP generic driver version 2.4.2
[   10.684930] tsc: Refined TSC clocksource calibration: 2904.580 MHz
[   10.693189] clocksource: tsc: mask: 0xffffffffffffffff max_cycles: 0x29de29927b3, max_idle_ns: 440795317998 ns
[   10.704096] ehci_hcd: USB 2.0 'Enhanced' Host Controller (EHCI) Driver
[   10.706570] ehci-pci: EHCI PCI platform driver
[   10.708242] ehci-platform: EHCI generic platform driver
[   10.762166] ohci_hcd: USB 1.1 'Open' Host Controller (OHCI) Driver
[   10.876872] ohci-pci: OHCI PCI platform driver
[   10.902241] ohci-platform: OHCI generic platform driver
[   10.927816] uhci_hcd: USB Universal Host Controller Interface driver
[   11.068642] i8042: PNP: PS/2 Controller [PNP0303:PS2K,PNP0f03:PS2M] at 0x60,0x64 irq 1,12
[   11.207172] serio: i8042 KBD port at 0x60,0x64 irq 1
[   11.296516] serio: i8042 AUX port at 0x60,0x64 irq 12
[   11.403910] mousedev: PS/2 mouse device common for all mice
[   11.548715] input: AT Translated Set 2 keyboard as /devices/platform/i8042/serio0/input/input2
[   11.683001] rtc_cmos rtc_cmos: rtc core: registered rtc_cmos as rtc0
[   11.762358] rtc_cmos rtc_cmos: alarms up to one day, 114 bytes nvram
[   11.764764] i2c /dev entries driver
[   11.766307] device-mapper: uevent: version 1.0.3
[   11.768364] device-mapper: ioctl: 4.34.0-ioctl (2015-10-28) initialised: dm-devel@redhat.com
[   11.795907] ledtrig-cpu: registered to indicate activity on CPUs
[   11.807683] NET: Registered protocol family 10
[   11.811237] NET: Registered protocol family 17
[   11.812758] Key type dns_resolver registered
[   11.815919] registered taskstats version 1
[   11.817439] Loading compiled-in X.509 certificates
[   11.819489] Loaded X.509 cert 'Build time autogenerated kernel key: 9a104bc44b81e9426fe5c715e47d021d02d69eba'
[   11.828800] zswap: loaded using pool lzo/zbud
[   11.831391] Key type trusted registered
[   11.835129] Key type encrypted registered
[   11.836317] AppArmor: AppArmor sha1 policy hashing enabled
[   11.837770] ima: No TPM chip found, activating TPM-bypass!
[   11.839174] ima: Allocated hash algorithm: sha1
[   11.840376] evm: HMAC attrs: 0x1
[   11.841712]   Magic number: 6:682:275
[   11.842744] tty tty12: hash matches
[   11.843751] rtc_cmos rtc_cmos: setting system clock to 2018-10-25 10:17:38 UTC (1540462658)
[   11.996236] BIOS EDD facility v0.16 2004-Jun-25, 0 devices found
[   12.129891] EDD information not available.
[   12.195542] Freeing unused kernel memory: 1528K
[   12.305345] Write protecting the kernel read-only data: 14336k
[   12.382481] Freeing unused kernel memory: 1664K
[   12.479933] Freeing unused kernel memory: 92K
Loading, please [   12.543585] random: udevadm: uninitialized urandom read (16 bytes read, 7 bits of entropy available)
wait...
startin[   12.658754] random: systemd-udevd: uninitialized urandom read (16 bytes read, 7 bits of entropy available)
g version 229
[   12.857694] random: udevadm: uninitialized urandom read (16 bytes read, 7 bits of entropy available)
[   12.915398] random: udevadm: uninitialized urandom read (16 bytes read, 7 bits of entropy available)
[   12.924457] random: udevadm: uninitialized urandom read (16 bytes read, 7 bits of entropy available)
[   12.928947] random: udevadm: uninitialized urandom read (16 bytes read, 7 bits of entropy available)
[   12.936107] random: udevadm: uninitialized urandom read (16 bytes read, 7 bits of entropy available)
[   12.947281] random: systemd-udevd: uninitialized urandom read (16 bytes read, 7 bits of entropy available)
[   12.956305] random: systemd-udevd: uninitialized urandom read (16 bytes read, 7 bits of entropy available)
[   12.959363] random: udevadm: uninitialized urandom read (16 bytes read, 7 bits of entropy available)
[   13.010531] e1000: Intel(R) PRO/1000 Network Driver - version 7.3.21-k8-NAPI
[   13.168367] e1000: Copyright (c) 1999-2006 Intel Corporation.
[   13.315068] Fusion MPT base driver 3.04.20
[   13.392027] Copyright (c) 1999-2008 LSI Corporation
[   13.533479] AVX2 version of gcm_enc/dec engaged.
[   13.638616] AES CTR mode by8 optimization enabled
[   13.725211] input: ImExPS/2 Generic Explorer Mouse as /devices/platform/i8042/serio1/input/input4
[   13.940863] Fusion MPT SPI Host driver 3.04.20
[   14.013857] mptbase: ioc0: Initiating bringup
[   14.088981] ioc0: LSI53C1030 A0: Capabilities={Initiator}
[   14.260525] scsi host2: ioc0: LSI53C1030 A0, FwRev=00000000h, Ports=1, MaxQ=256, IRQ=20
[   14.555938] scsi 2:0:0:0: Direct-Access     VBOX     HARDDISK         1.0  PQ: 0 ANSI: 5
[   14.678008] scsi target2:0:0: Beginning Domain Validation
[   14.871357] scsi target2:0:0: Domain Validation skipping write tests
[   14.998668] scsi target2:0:0: Ending Domain Validation
[   15.396058] scsi target2:0:0: asynchronous
[   15.474063] scsi 2:0:1:0: Direct-Access     VBOX     HARDDISK         1.0  PQ: 0 ANSI: 5
[   15.673486] scsi target2:0:1: Beginning Domain Validation
[   15.758160] e1000 0000:00:03.0 eth0: (PCI:33MHz:32-bit) 02:59:f0:2c:74:7a
[   15.868074] e1000 0000:00:03.0 eth0: Intel(R) PRO/1000 Network Connection
[   15.968429] scsi target2:0:1: Domain Validation skipping write tests
[   15.970063] scsi target2:0:1: Ending Domain Validation
[   15.971443] scsi target2:0:1: asynchronous
[   15.985249] sd 2:0:0:0: Attached scsi generic sg0 type 0
[   16.059948] sd 2:0:0:0: [sda] 20971520 512-byte logical blocks: (10.7 GB/10.0 GiB)
[   16.288698] sd 2:0:1:0: Attached scsi generic sg1 type 0
[   16.290461] sd 2:0:1:0: [sdb] 20480 512-byte logical blocks: (10.5 MB/10.0 MiB)
[   16.296589] sd 2:0:1:0: [sdb] Write Protect is off
[   16.319842] sd 2:0:1:0: [sdb] Incomplete mode parameter data
[   16.321634] sd 2:0:1:0: [sdb] Assuming drive cache: write through
[   16.369346] sd 2:0:1:0: [sdb] Attached SCSI disk
[   16.533543] sd 2:0:0:0: [sda] Write Protect is off
[   16.705300] sd 2:0:0:0: [sda] Incomplete mode parameter data
[   16.717622] sd 2:0:0:0: [sda] Assuming drive cache: write through
[   16.758369]  sda: sda1
[   16.822417] sd 2:0:0:0: [sda] Attached SCSI disk
[   16.923266] e1000 0000:00:08.0 eth1: (PCI:33MHz:32-bit) 08:00:27:23:4b:b0
[   17.068546] e1000 0000:00:08.0 eth1: Intel(R) PRO/1000 Network Connection
[   17.221974] e1000 0000:00:08.0 enp0s8: renamed from eth1
[   17.314161] e1000 0000:00:03.0 enp0s3: renamed from eth0
Begin: Loading e[   18.673648] md: linear personality registered for level -1
ssential drivers ... [   18.687185] md: multipath personality registered for level -4
[   18.690929] md: raid0 personality registered for level 0
[   18.695197] md: raid1 personality registered for level 1
[   18.876712] raid6: sse2x1   gen() 11873 MB/s
[   19.038043] raid6: sse2x1   xor()  8952 MB/s
[   19.186750] raid6: sse2x2   gen() 14708 MB/s
[   19.336767] raid6: sse2x2   xor()  9943 MB/s
[   19.513693] raid6: sse2x4   gen() 16618 MB/s
[   19.672732] raid6: sse2x4   xor()  9825 MB/s
[   19.741586] raid6: avx2x1   gen() 22020 MB/s
[   19.876824] raid6: avx2x2   gen() 25401 MB/s
[   20.072392] raid6: avx2x4   gen() 29895 MB/s
[   20.122427] raid6: using algorithm avx2x4 gen() 29895 MB/s
[   20.217887] raid6: using avx2x2 recovery algorithm
[   20.221342] xor: automatically using best checksumming function:
[   20.371543]    avx       : 33168.000 MB/sec
[   20.479739] async_tx: api initialized (async)
[   20.597863] md: raid6 personality registered for level 6
[   20.707869] md: raid5 personality registered for level 5
[   20.765907] md: raid4 personality registered for level 4
[   20.781037] md: raid10 personality registered for level 10
done.
Begin: Running /scripts/init-premount ... done.
Begin: Mounting root file system ... Begin: Running /scripts/local-top ... done.
Begin: Running /scripts/local-premount ... [   20.821936] Btrfs loaded
Scanning for Btrfs filesystems
done.
Warning: fsck no[   20.858635] EXT4-fs (sda1): mounted filesystem with ordered data mode. Opts: (null)
t present, so skipping root file system
done.
Begin: Running /scripts/local-bottom ... done.
Begin: Running /scripts/init-bottom ... done.
[   21.085312] systemd[1]: systemd 229 running in system mode. (+PAM +AUDIT +SELINUX +IMA +APPARMOR +SMACK +SYSVINIT +UTMP +LIBCRYPTSETUP +GCRYPT +GNUTLS +ACL +XZ -LZ4 +SECCOMP +BLKID +ELFUTILS +KMOD -IDN)
[   21.463829] systemd[1]: Detected virtualization oracle.
[   21.556921] systemd[1]: Detected architecture x86-64.

Welcome to [1mUbuntu 16.04.5 LTS[0m!

[   21.702170] systemd[1]: Set hostname to <ubuntu>.
[   21.820855] systemd[1]: Initializing machine ID from random generator.
[   21.889755] systemd[1]: Installed transient /etc/machine-id file.
[   21.899215] random: nonblocking pool is initialized
[   22.031049] systemd[1]: Listening on Journal Audit Socket.
[[0;32m  OK  [0m] Listening on Journal Audit Socket.
[   22.034842] systemd[1]: Listening on LVM2 poll daemon socket.
[[0;32m  OK  [0m] Listening on LVM2 poll daemon socket.
[   22.045907] systemd[1]: Set up automount Arbitrary Executable File Formats File System Automount Point.
[[0;32m  OK  [0m] Set up automount Arbitrary Executab...ats File System Automount Point.
[   22.266160] systemd[1]: Started Forward Password Requests to Wall Directory Watch.
[[0;32m  OK  [0m] Started Forward Password Requests to Wall Directory Watch.
[   22.489982] systemd[1]: Listening on LVM2 metadata daemon socket.
[[0;32m  OK  [0m] Listening on LVM2 metadata daemon socket.
[   22.709718] systemd[1]: Listening on Syslog Socket.
[[0;32m  OK  [0m] Listening on Syslog Socket.
[   22.837859] systemd[1]: Listening on udev Control Socket.
[[0;32m  OK  [0m] Listening on udev Control Socket.
[   22.913302] systemd[1]: Started Trigger resolvconf update for networkd DNS.
[[0;32m  OK  [0m] Started Trigger resolvconf update for networkd DNS.
[   23.022755] systemd[1]: Reached target System Time Synchronized.
[[0;32m  OK  [0m] Reached target System Time Synchronized.
[   23.030482] systemd[1]: Reached target User and Group Name Lookups.
[[0;32m  OK  [0m] Reached target User and Group Name Lookups.
[   23.036060] systemd[1]: Listening on Journal Socket (/dev/log).
[[0;32m  OK  [0m] Listening on Journal Socket (/dev/log).
[   23.041494] systemd[1]: Listening on Journal Socket.
[[0;32m  OK  [0m] Listening on Journal Socket.
[   23.046834] systemd[1]: Listening on udev Kernel Socket.
[[0;32m  OK  [0m] Listening on udev Kernel Socket.
[   23.051229] systemd[1]: Reached target Swap.
[[0;32m  OK  [0m] Reached target Swap.
[   23.057776] systemd[1]: Listening on /dev/initctl Compatibility Named Pipe.
[[0;32m  OK  [0m] Listening on /dev/initctl Compatibility Named Pipe.
[   23.068117] systemd[1]: Reached target Encrypted Volumes.
[[0;32m  OK  [0m] Reached target Encrypted Volumes.
[   23.079732] systemd[1]: Listening on Device-mapper event daemon FIFOs.
[[0;32m  OK  [0m] Listening on Device-mapper event daemon FIFOs.
[   23.084738] systemd[1]: Created slice System Slice.
[[0;32m  OK  [0m] Created slice System Slice.
[   23.091769] systemd[1]: Starting Load Kernel Modules...
         Starting Load Kernel Modules...
[   23.096106] systemd[1]: Starting Remount Root and Kernel File Systems...
         Starting Remount[   23.240148] EXT4-fs (sda1): re-mounted. Opts: (null)
 Root and Kernel[   23.282519] Loading iSCSI transport class v2.0-870.
 File Systems...
[   23.348668] systemd[1]: Mounting Huge Pages File System...
[   23.455624] iscsi: registered transport (tcp)
         Mounting Huge Pages File System...
[   23.598686] iscsi: registered transport (iser)
[   23.722746] systemd[1]: Mounting POSIX Message Queue File System...
         Mounting POSIX Message Queue File System...
[   23.909857] systemd[1]: Starting Uncomplicated firewall...
         Starting Uncomplicated firewall...
[   24.046288] systemd[1]: Starting Set console keymap...
         Starting Set console keymap...
[   24.145645] systemd[1]: Starting Monitoring of LVM2 mirrors, snapshots etc. using dmeventd or progress polling...
         Starting Monitoring of LVM2 mirrors... dmeventd or progress polling...
[   24.164218] systemd[1]: Starting Journal Service...
         Starting Journal Service...
[   24.177483] systemd[1]: Created slice system-serial\x2dgetty.slice.
[[0;32m  OK  [0m] Created slice system-serial\x2dgetty.slice.
[   24.200705] systemd[1]: Starting Create list of required static device nodes for the current kernel...
         Starting Create list of required st... nodes for the current kernel...
[   24.210153] systemd[1]: Mounting Debug File System...
         Mounting Debug File System...
[   24.216015] systemd[1]: Starting Nameserver information manager...
         Starting Nameserver information manager...
[   24.245722] systemd[1]: Created slice User and Session Slice.
[[0;32m  OK  [0m] Created slice User and Session Slice.
[   24.389643] systemd[1]: Reached target Slices.
[[0;32m  OK  [0m] Reached target Slices.
[   24.511311] systemd[1]: Mounted Debug File System.
[[0;32m  OK  [0m] Mounted Debug File System.
[   24.653917] systemd[1]: Mounted POSIX Message Queue File System.
[[0;32m  OK  [0m] Mounted POSIX Message Queue File System.
[   24.794161] systemd[1]: Mounted Huge Pages File System.
[[0;32m  OK  [0m] Mounted Huge Pages File System.
[   24.894360] systemd[1]: Started Journal Service.
[[0;32m  OK  [0m] Started Journal Service.
[[0;32m  OK  [0m] Started Load Kernel Modules.
[[0;32m  OK  [0m] Started Remount Root and Kernel File Systems.
[[0;32m  OK  [0m] Started Uncomplicated firewall.
[[0;32m  OK  [0m] Started Set console keymap.
[[0;32m  OK  [0m] Started Create list of required sta...ce nodes for the current kernel.
[[0;32m  OK  [0m] Started Nameserver information manager.
[[0;32m  OK  [0m] Started LVM2 metadata daemon.
         Starting Create Static Device Nodes in /dev...
         Starting udev Coldplug all Devices...
         Starting Load/Save Random Seed...
         Mounting FUSE Control File System...
         Starting Apply Kernel Variables...
         Starting Flush Journal to Persistent Storage...
[[0;32m  OK  [0m] Mounted FUSE Control File System.
[[0;32m  OK  [0m] Started Create Static Device Nodes in /dev.
[[0;32m  OK  [0m] Started Load/Save Random Seed.
[[0;32m  OK  [0m] Started Apply Kernel Variables.
[[0;32m  OK  [0m] Started udev Coldplug all Devices.
[[0;32m  OK  [0m] Started Flush Journal to Persistent Storage.
         Starting udev Kernel Device Manager...
[[0;32m  OK  [0m] Started udev Kernel Device Manager.
[[0;32m  OK  [0m] Started Dispatch Password Requests to Console Directory Watch.
[[0;32m  OK  [0m] Started Monitoring of LVM2 mirrors,...ng dmeventd or progress polling.
[[0;32m  OK  [0m] Found device /dev/ttyS0.
[[0;32m  OK  [0m] Listening on Load/Save RF Kill Switch Status /dev/rfkill Watch.
[[0;32m  OK  [0m] Reached target Local File Systems (Pre).
[[0;32m  OK  [0m] Reached target Local File Systems.
         Starting Set console font and keymap...
         Starting LSB: AppArmor initialization...
         Starting Initial cloud-init job (pre-networking)...
         Starting Tell Plymouth To Write Out Runtime Data...
         Starting Create Volatile Files and Directories...
         Starting Commit a transient machine-id on disk...
[[0;32m  OK  [0m] Started Tell Plymouth To Write Out Runtime Data.
[[0;32m  OK  [0m] Started Create Volatile Files and Directories.
[[0;32m  OK  [0m] Started Commit a transient machine-id on disk.
         Starting Update UTMP about System Boot/Shutdown...
[[0;32m  OK  [0m] Started Update UTMP about System Boot/Shutdown.
[[0;32m  OK  [0m] Started Set console font and keymap.
[[0;32m  OK  [0m] Created slice system-getty.slice.
[   19.373507] cloud-init[628]: Cloud-init v. 18.3-9-g2e62cb8a-0ubuntu1~16.04.2 running 'init-local' at Thu, 25 Oct 2018 10:17:53 +0000. Up 19.05 seconds.
[[0;32m  OK  [0m] Started Initial cloud-init job (pre-networking).
[[0;32m  OK  [0m] Reached target Network (Pre).
[[0;32m  OK  [0m] Started LSB: AppArmor initialization.
         Starting Raise network interfaces...
[[0;32m  OK  [0m] Started Raise network interfaces.
[[0;32m  OK  [0m] Reached target Network.
         Starting Initial cloud-init job (metadata service crawler)...
[   20.706245] cloud-init[937]: Cloud-init v. 18.3-9-g2e62cb8a-0ubuntu1~16.04.2 running 'init' at Thu, 25 Oct 2018 10:17:54 +0000. Up 20.23 seconds.
[[0;32m  OK  [0m] Started Initial cloud-init job (metadata service crawler).[   20.764776] cloud-init[937]: ci-info: ++++++++++++++++++++++++++++++++++++++Net device info+++++++++++++++++++++++++++++++++++++++

[   20.770069] cloud-init[937]: ci-info: +--------+-------+----------------------------+---------------+--------+-------------------+[[0;32m  OK  [0m] Reached target Network is Online.
         Starting iSCSI initiator daemon (iscsid)...
[[0;32m  OK  [0m] Reached target Cloud-config availability.
[   20.780944] cloud-init[937]: ci-info: | Device |   Up  |          Address           |      Mask     | Scope  |     Hw-Address    |
[   20.782608] cloud-init[937]: ci-info: +--------+-------+----------------------------+---------------+--------+-------------------+
[   20.782654] cloud-init[937]: ci-info: | enp0s3 |  True |         10.0.2.15          | 255.255.255.0 | global | 02:59:f0:2c:74:7a |
[   20.782686] cloud-init[937]: ci-info: | enp0s3 |  True | fe80::59:f0ff:fe2c:747a/64 |       .       |  link  | 02:59:f0:2c:74:7a |
[   20.782714] cloud-init[937]: ci-info: | enp0s8 | False |             .              |       .       |   .    | 08:00:27:23:4b:b0 |
[   20.782754] cloud-init[937]: ci-info: |   lo   |  True |         127.0.0.1          |   255.0.0.0   |  host  |         .         |
[   20.782824] cloud-init[937]: ci-info: |   lo   |  True |          ::1/128           |       .       |  host  |         .         |
[   20.782867] cloud-init[937]: ci-info: +--------+-------+----------------------------+---------------+--------+-------------------+
[   20.782907] cloud-init[937]: ci-info: +++++++++++++++++++++++++++Route IPv4 info++++++++++++++++++++++++++++
[   20.782938] cloud-init[937]: ci-info: +-------+-------------+----------+---------------+-----------+-------+
[   20.782967] cloud-init[937]: ci-info: | Route | Destination | Gateway  |    Genmask    | Interface | Flags |
[   20.782995] cloud-init[937]: ci-info: +-------+-------------+----------+---------------+-----------+-------+
[   20.783035] cloud-init[937]: ci-info: |   0   |   0.0.0.0   | 10.0.2.2 |    0.0.0.0    |   enp0s3  |   UG  |
[   20.783065] cloud-init[937]: ci-info: |   1   |   10.0.2.0  | 0.0.0.0  | 255.255.255.0 |   enp0s3  |   U   |
[   20.783093] cloud-init[937]: ci-info: +-------+-------------+----------+---------------+-----------+-------+
[   20.783126] cloud-init[937]: ci-info: +++++++++++++++++++Route IPv6 info+++++++++++++++++++
[   20.783163] cloud-init[937]: ci-info: +-------+-------------+---------+-----------+-------+
[   20.783192] cloud-init[937]: ci-info: | Route | Destination | Gateway | Interface | Flags |
[   20.783221] cloud-init[937]: ci-info: +-------+-------------+---------+-----------+-------+
[   20.783260] cloud-init[937]: ci-info: |   0   |  fe80::/64  |    ::   |   enp0s3  |   U   |
[   20.783301] cloud-init[937]: ci-info: |   3   |   ff00::/8  |    ::   |   enp0s3  |   U   |
[   20.783331] cloud-init[937]: ci-info: +-------+-------------+---------+-----------+-------+
[   20.783358] cloud-init[937]: Generating public/private rsa key pair.
[   20.783396] cloud-init[937]: Your identification has been saved in /etc/ssh/ssh_host_rsa_key.
[   20.783426] cloud-init[937]: Your public key has been saved in /etc/ssh/ssh_host_rsa_key.pub.
[   20.783453] cloud-init[937]: The key fingerprint is:
[   20.783490] cloud-init[937]: SHA256:mMDYi8SLag2X1XgQ3vsxn0mZgl90gG+mN1m8jZLnPk8 root@ubuntu-xenial
[   20.783526] cloud-init[937]: The key's randomart image is:
[   20.783556] cloud-init[937]: +---[RSA 2048]----+

[   20.783589] cloud-init[937]: |     o.   ..     |
[[0;32m  OK  [0m] Reached target System Initialization.
[   21.355877] cloud-init[937]: | . +. =  .  .    |
[[0;32m  OK  [0m] Started ACPI Events Check.
[   21.427756] [[0;32m  OK  [0m] Reached target Paths.
[[0;32m  OK  [0m] Listening on UUID daemon activation socket.
[[0;32m  OK  [0m] Listening on D-Bus System Message Bus Socket.
[[0;32m  OK  [0m] Listening on ACPID Listen Socket.
[[0;32m  OK  [0m] Started Daily Cleanup of Temporary Directories.
         Starting Socket activation for snappy daemon.
cloud-init[937]: |  + ++ +  ....   |
[   21.680682] cloud-init[937]: | o ooo.oo .++o   |
         Starting LXD - unix socket.
[   21.712307] cloud-init[937]: |..oo. ooS++=+ +  |
[[0;32m  OK  [0m] Started Daily apt download activities.
[   21.767680] cloud-init[937]: |. +     o.B*o+ . |
[[0;32m  OK  [0m[   21.848845] cloud-init[937]: |.. .     o.+=  E |
[   21.848907] cloud-init[937]: |.            o.  |
[   21.848949] cloud-init[937]: |            ..o. |
[   21.848987] cloud-init[937]: +----[SHA256]-----+
[   21.849025] cloud-init[937]: Generating public/private dsa key pair.
[   21.849062] cloud-init[937]: Your identification has been saved in /etc/ssh/ssh_host_dsa_key.
[   21.849101] cloud-init[937]: Your public key has been saved in /etc/ssh/ssh_host_dsa_key.pub.
[   21.849140] cloud-init[937]: The key fingerprint is:
[   21.849179] cloud-init[937]: SHA256:PHy9ouUQG6fJpGAfgo+Xu67qbneyqYsAKxPfxpGCcxA root@ubuntu-xenial
[   21.849217] cloud-init[937]: The key's randomart image is:
[   21.849255] cloud-init[937]: +---[DSA 1024]----+
[   21.849293] cloud-init[937]: |E                |
[   21.849331] cloud-init[937]: | .               |
[   21.849368] cloud-init[937]: |.                |
[   21.849405] cloud-init[937]: | o . . o   .     |
[   21.849443] cloud-init[937]: |= + * . S o .    |
[   21.849482] cloud-init[937]: |.* B * = X   .   |
[   21.849519] cloud-init[937]: |= o B o * o .    |
[   21.849556] cloud-init[937]: |+o =.o   = .     |
[   21.849599] cloud-init[937]: |**==B.  . .      |
[   21.849638] cloud-init[937]: +----[SHA256]-----+
[   21.849676] cloud-init[937]: Generating public/private ecdsa key pair.
[   21.849714] cloud-init[937]: Your identification has been saved in /etc/ssh/ssh_host_ecdsa_key.
[   21.849753] cloud-init[937]: Your public key has been saved in /etc/ssh/ssh_host_ecdsa_key.pub.
[   21.849792] cloud-init[937]: The key fingerprint is:
[   21.849831] cloud-init[937]: SHA256:7htiF7BVv5CLsONCFKPzrGlH9Ec9gbkbVLn4crGbUPw root@ubuntu-xenial
[   21.849869] cloud-init[937]: The key's randomart image is:
[   21.849907] cloud-init[937]: +---[ECDSA 256]---+
[   21.849948] cloud-init[937]: |    o    ++.     |
[   21.849985] cloud-init[937]: |   . o  +o.+     |
[   21.850024] cloud-init[937]: |  o o o.o+=..    |
[   21.850063] cloud-init[937]: |   * . B+.=+ .   |
[   21.850099] cloud-init[937]: |    = = S=.+.    |
[   21.850137] cloud-init[937]: |   = . ++.+ E    |
[   21.850175] cloud-init[937]: |  + o + ++ o     |
[   21.850212] cloud-init[937]: | . . o + .o      |
[   21.850250] cloud-init[937]: |        o.       |
[   21.850287] cloud-init[937]: +----[SHA256]-----+
[   21.850324] cloud-init[937]: Generating public/private ed25519 key pair.
[   21.850362] cloud-init[937]: Your identification has been saved in /etc/ssh/ssh_host_ed25519_key.
[   21.850401] cloud-init[937]: Your public key has been saved in /etc/ssh/ssh_host_ed25519_key.pub.
[   21.850438] cloud-init[937]: The key fingerprint is:
[   21.850478] cloud-init[937]: SHA256:QPP362fyGXa1XdzhtBSJMoEphgl7upimBtWFtuwL4eE root@ubuntu-xenial
[   21.850515] cloud-init[937]: The key's randomart image is:
[   21.850553] cloud-init[937]: +--[ED25519 256]--+
[   21.850590] cloud-init[937]: |   ...=   o.. ...|
[   21.850627] cloud-init[937]: |    ++.= o o . ..|
[   21.850868] cloud-init[937]: |   = +o o . o  + |
[   21.850913] cloud-init[937]: |  + *  . . .  +.+|
[   21.850952] cloud-init[937]: | + =    S   .  o=|
[   21.850990] cloud-init[937]: |. E o        .  =|
[   21.851026] cloud-init[937]: |.+ o .      . o.o|
[   21.851068] cloud-init[937]: |o.  .      ...o+ |
[   21.851105] cloud-init[937]: |o           .=o  |
[   21.851144] cloud-init[937]: +----[SHA256]-----+
] Started Daily apt upgrade and clean activities.
[[0;32m  OK  [0m] Reached target Timers.
[[0;32m  OK  [0m] Listening on Socket activation for snappy daemon.
[[0;32m  OK  [0m] Listening on LXD - unix socket.
[[0;32m  OK  [0m] Started iSCSI initiator daemon (iscsid).
         Starting Login to default iSCSI targets...
[[0;32m  OK  [0m] Reached target Sockets.
[[0;32m  OK  [0m] Reached target Basic System.
         Starting LXD - container startup/shutdown...
[[0;32m  OK  [0m] Started ACPI event daemon.
         Starting LSB: MD monitoring daemon...
[[0;32m  OK  [0m] Started Deferred execution scheduler.
         Starting Login Service...
[[0;32m  OK  [0m] Started Regular background program processing daemon.
         Starting Accounts Service...
         Starting LSB: Record successful boot for GRUB...
[[0;32m  OK  [0m] Started Unattended Upgrades Shutdown.
[[0;32m  OK  [0m] Started FUSE filesystem for LXC.
[[0;32m  OK  [0m] Started D-Bus System Message Bus.
         Starting /etc/rc.local Compatibility...
         Starting Virtualbox guest utils...
         Starting Pollinate to seed the pseudo random number generator...
         Starting System Logging Service...
         Starting Snappy daemon...
[[0;32m  OK  [0m] Started LXD - container startup/shutdown.
[[0;32m  OK  [0m] Started /etc/rc.local Compatibility.
[[0;32m  OK  [0m] Started System Logging Service.
[[0;32m  OK  [0m] Started Login to default iSCSI targets.
[[0;32m  OK  [0m] Started LSB: MD monitoring daemon.
[[0;32m  OK  [0m] Started LSB: Record successful boot for GRUB.
[[0;32m  OK  [0m] Started Snappy daemon.
[[0;32m  OK  [0m] Started Login Service.
         Starting Authenticate and Authorize Users to Run Privileged Tasks...
         Starting Wait until snapd is fully seeded...
[[0;32m  OK  [0m] Reached target Remote File Systems (Pre).
[[0;32m  OK  [0m] Reached target Remote File Systems.
         Starting Permit User Sessions...
         Starting LSB: Set the CPU Frequency Scaling governor to "ondemand"...
         Starting LSB: automatic crash report generation...
         Starting LSB: daemon to balance interrupts for SMP systems...
[[0;32m  OK  [0m] Started Virtualbox guest utils.
[[0;32m  OK  [0m] Started Permit User Sessions.
[[0;32m  OK  [0m] Started Pollinate to seed the pseudo random number generator.
[[0;32m  OK  [0m] Started Authenticate and Authorize Users to Run Privileged Tasks.
[[0;32m  OK  [0m] Started Accounts Service.
[[0;32m  OK  [0m] Started LSB: Set the CPU Frequency Scaling governor to "ondemand".
[[0;32m  OK  [0m] Started LSB: automatic crash report generation.
         Starting OpenBSD Secure Shell server...
         Starting Terminate Plymouth Boot Screen...
         Starting Hold until boot process finishes up...
[[0;32m  OK  [0m] Started LSB: daemon to balance interrupts for SMP systems.
[[0;32m  OK  [0m] Started Terminate Plymouth Boot Screen.
[[0;32m  OK  [0m] Started Hold until boot process finishes up.
[[0;32m  OK  [0m] Started OpenBSD Secure Shell server.
[[0;32m  OK  [0m] Started Serial Getty on ttyS0.
[[0;32m  OK  [0m] Started Getty on tty1.
[[0;32m  OK  [0m] Reached target Login Prompts.
         Starting Set console scheme...
[[0;32m  OK  [0m] Started Set console scheme.
[[0;32m  OK  [0m] Created slice User Slice of vagrant.
         Starting User Manager for UID 1000...
[[0;32m  OK  [0m] Started User Manager for UID 1000.
[[0;32m  OK  [0m] Started Session 1 of user vagrant.
[[0;32m  OK  [0m] Started Wait until snapd is fully seeded.
         Starting Apply the settings specified in cloud-config...
[[0;32m  OK  [0m] Reached target Multi-User System.
[[0;32m  OK  [0m] Reached target Graphical Interface.
         Starting Update UTMP about System Runlevel Changes...
[[0;32m  OK  [0m] Started Update UTMP about System Runlevel Changes.
[   27.352707] cloud-init[1349]: Generating locales (this might take a while)...
         Stopping User Manager for UID 1000...
[[0;32m  OK  [0m] Stopped User Manager for UID 1000.
[[0;32m  OK  [0m] Removed slice User Slice of vagrant.
[[0;32m  OK  [0m] Created slice User Slice of vagrant.
[   28.357709] cloud-init[1349]:   en_US.UTF-8... done
         Starting User Manager for UID 1000...
[[0;32m  OK  [0m] Started User Manager for UID 1000.
[   28.391812] cloud-init[1349]: Generation complete.
[[0;32m  OK  [0m] Started Session 2 of user vagrant.
[   28.705002] cloud-init[1349]: Cloud-init v. 18.3-9-g2e62cb8a-0ubuntu1~16.04.2 running 'modules:config' at Thu, 25 Oct 2018 10:18:01 +0000. Up 27.17 seconds.
[[0;32m  OK  [0m] Started Apply the settings specified in cloud-config.
ci-info: no authorized ssh keys fingerprints found for user ubuntu.
<14>Oct 25 10:18:03 ec2: 
<14>Oct 25 10:18:03 ec2: #############################################################
<14>Oct 25 10:18:03 ec2: -----BEGIN SSH HOST KEY FINGERPRINTS-----
<14>Oct 25 10:18:03 ec2: 1024 SHA256:PHy9ouUQG6fJpGAfgo+Xu67qbneyqYsAKxPfxpGCcxA root@ubuntu-xenial (DSA)
<14>Oct 25 10:18:03 ec2: 256 SHA256:7htiF7BVv5CLsONCFKPzrGlH9Ec9gbkbVLn4crGbUPw root@ubuntu-xenial (ECDSA)
<14>Oct 25 10:18:03 ec2: 256 SHA256:QPP362fyGXa1XdzhtBSJMoEphgl7upimBtWFtuwL4eE root@ubuntu-xenial (ED25519)
<14>Oct 25 10:18:03 ec2: 2048 SHA256:mMDYi8SLag2X1XgQ3vsxn0mZgl90gG+mN1m8jZLnPk8 root@ubuntu-xenial (RSA)
<14>Oct 25 10:18:03 ec2: -----END SSH HOST KEY FINGERPRINTS-----
<14>Oct 25 10:18:03 ec2: #############################################################
-----BEGIN SSH HOST KEY KEYS-----
ecdsa-sha2-nistp256 AAAAE2VjZHNhLXNoYTItbmlzdHAyNTYAAAAIbmlzdHAyNTYAAABBBCj3gm0RVxKfbF0p8lI5Qk9i1sK0AGYUaY5OSUA3LyAMz1F5I5w5XRZ3pKHQ5aMbfDXZs1Zf9b3JZYAkvx0rwGE= root@ubuntu-xenial
ssh-ed25519 AAAAC3NzaC1lZDI1NTE5AAAAICM+gvM9Zpt+Hulf8RIoFzyzZ8MdHtjvWjKqLLRWy4qj root@ubuntu-xenial
ssh-rsa AAAAB3NzaC1yc2EAAAADAQABAAABAQDi1sNyEvMrBtkdhOI4l1bkqNi5Tz7MP0PZ8DTIb82n3Uju2ExadtVwYHwc3Ns7fjzWSVM1gEzTFrKhNNpMNWO+YD/co8/eiTc2ntKcJ+n9/K3Rqss2kEZebY7GK2uD4FurCK670ho3O38qM43K9wZOfiN0uhAF9J3XIWRHCKJWgLxDh1XKZlBWA0isUneyFCXqvbqoVUB8UFMaOyCqS1ocZM2+wkwHExY5dzSLjOr/XtjhL8rIBgXT52oPll0kd26U2kIBIgY7BrKhY94RwffGUqA89sgQOEaqvHnGMG/9ofIndJFH5mgpvvXUPxxstSie2yEjBXMCbpGbDFmiicVH root@ubuntu-xenial
-----END SSH HOST KEY KEYS-----
[   29.209505] cloud-init[1568]: Cloud-init v. 18.3-9-g2e62cb8a-0ubuntu1~16.04.2 running 'modules:final' at Thu, 25 Oct 2018 10:18:03 +0000. Up 28.99 seconds.
[   29.209648] cloud-init[1568]: ci-info: no authorized ssh keys fingerprints found for user ubuntu.
[   29.209732] cloud-init[1568]: Cloud-init v. 18.3-9-g2e62cb8a-0ubuntu1~16.04.2 finished at Thu, 25 Oct 2018 10:18:03 +0000. Datasource DataSourceNoCloud [seed=/dev/sdb][dsmode=net].  Up 29.18 seconds

Ubuntu 16.04.5 LTS ps-gronau-it-master ttyS0

ps-gronau-it-master login: 